[DEVICE_PROVISIONED]: [1]
[aaudio.hw_burst_min_usec]: [2000]
[aaudio.mmap_exclusive_policy]: [2]
[aaudio.mmap_policy]: [2]
[adjust.preinstall.path]: [/data/etc/appchannel/adjust.preinstall]
[af.fast_track_multiplier]: [1]
[apex.all.ready]: [true]
[arm64.memtag.process.system_server]: [off]
[audio.deep_buffer.media]: [true]
[audio.offload.min.duration.secs]: [30]
[audio.offload.video]: [true]
[audio.sys.mute.latency.factor]: [2]
[audio.sys.noisy.broadcast.delay]: [500]
[audio.sys.offload.pstimeout.secs]: [3]
[audio.sys.routing.latency]: [0]
[bluetooth.profile.a2dp.source.enabled]: [true]
[bluetooth.profile.asha.central.enabled]: [true]
[bluetooth.profile.avrcp.controller.enabled]: [false]
[bluetooth.profile.avrcp.target.enabled]: [true]
[bluetooth.profile.gatt.enabled]: [true]
[bluetooth.profile.hfp.ag.enabled]: [true]
[bluetooth.profile.hid.device.enabled]: [true]
[bluetooth.profile.hid.host.enabled]: [true]
[bluetooth.profile.map.server.enabled]: [true]
[bluetooth.profile.opp.enabled]: [true]
[bluetooth.profile.pan.nap.enabled]: [true]
[bluetooth.profile.pan.panu.enabled]: [true]
[bluetooth.profile.pbap.server.enabled]: [true]
[bluetooth.profile.sap.server.enabled]: [false]
[bootreceiver.enable]: [0]
[build.version.extensions.ad_services]: [7]
[build.version.extensions.r]: [7]
[build.version.extensions.s]: [7]
[build.version.extensions.t]: [7]
[build.version.extensions.u]: [7]
[cache_key.bluetooth.bluetooth_adapter_get_connection_state]: [-4826498785131678520]
[cache_key.bluetooth.bluetooth_adapter_get_profile_connection_state]: [-4826498785131678522]
[cache_key.bluetooth.bluetooth_adapter_get_state]: [-4826498785131678526]
[cache_key.bluetooth.bluetooth_adapter_is_offloaded_filtering_supported]: [-4826498785131678521]
[cache_key.bluetooth.bluetooth_device_get_bond_state]: [-4826498785131678519]
[cache_key.bluetooth.bluetooth_map_get_connection_state]: [-4826498785131678518]
[cache_key.bluetooth.bluetooth_sap_get_connection_state]: [-4826498785131678517]
[cache_key.display_info]: [6744817758933947505]
[cache_key.get_packages_for_uid]: [6744817758933947519]
[cache_key.has_system_feature]: [6744817758933945338]
[cache_key.is_compat_change_enabled]: [6744817758933947522]
[cache_key.is_interactive]: [6744817758933945323]
[cache_key.is_power_save_mode]: [6744817758933945372]
[cache_key.is_user_unlocked]: [6744817758933946941]
[cache_key.location_enabled]: [6744817758933947308]
[cache_key.package_info]: [6744817758933947523]
[cache_key.system_server.account_user_data]: [6744817758933947452]
[cache_key.system_server.accounts_data]: [6744817758933947479]
[cache_key.system_server.device_policy_manager_caches]: [6744817758933947407]
[cache_key.system_server.get_credential_type]: [6744817758933945371]
[cache_key.telephony.phone_account_to_subid]: [6473360989473568021]
[cache_key.telephony.subscription_manager_service]: [6473360989473568017]
[camera.disable_zsl_mode]: [true]
[config.disable_rtt]: [true]
[dalvik.vm.appimageformat]: [lz4]
[dalvik.vm.dex2oat-Xms]: [64m]
[dalvik.vm.dex2oat-Xmx]: [512m]
[dalvik.vm.dex2oat-max-image-block-size]: [524288]
[dalvik.vm.dex2oat-minidebuginfo]: [true]
[dalvik.vm.dex2oat-resolve-startup-strings]: [true]
[dalvik.vm.dex2oat64.enabled]: [true]
[dalvik.vm.dexopt.secondary]: [true]
[dalvik.vm.dexopt.thermal-cutoff]: [2]
[dalvik.vm.heapgrowthlimit]: [384m]
[dalvik.vm.heapmaxfree]: [8m]
[dalvik.vm.heapminfree]: [512k]
[dalvik.vm.heapsize]: [512m]
[dalvik.vm.heapstartsize]: [16m]
[dalvik.vm.heaptargetutilization]: [0.75]
[dalvik.vm.image-dex2oat-Xms]: [64m]
[dalvik.vm.image-dex2oat-Xmx]: [64m]
[dalvik.vm.isa.arm.features]: [default]
[dalvik.vm.isa.arm.variant]: [cortex-a75]
[dalvik.vm.isa.arm64.features]: [default]
[dalvik.vm.isa.arm64.variant]: [kryo300]
[dalvik.vm.madvise.artfile.size]: [4294967295]
[dalvik.vm.madvise.odexfile.size]: [0]
[dalvik.vm.madvise.vdexfile.size]: [0]
[dalvik.vm.minidebuginfo]: [true]
[dalvik.vm.ps-min-first-save-ms]: [3000]
[dalvik.vm.usap_pool_enabled]: [false]
[dalvik.vm.usap_pool_refill_delay_ms]: [3000]
[dalvik.vm.usap_pool_size_max]: [3]
[dalvik.vm.usap_pool_size_min]: [1]
[dalvik.vm.usap_refill_threshold]: [1]
[dalvik.vm.useartservice]: [true]
[dalvik.vm.usejit]: [true]
[debug.atrace.tags.enableflags]: [0]
[debug.dps.dump.pid]: [1275]
[debug.egl.hw]: [0]
[debug.force_rtl]: [false]
[debug.hwui.skia_atrace_enabled]: [false]
[debug.mdpcomp.logs]: [0]
[debug.onetrace.native.tag]: [0]
[debug.onetrace.tag]: [0]
[debug.onetrace.version]: [9]
[debug.oplus.systrace_enhance]: [false]
[debug.sf.disable_client_composition_cache]: [1]
[debug.sf.enable_advanced_sf_phase_offset]: [1]
[debug.sf.enable_gl_backpressure]: [1]
[debug.sf.enable_hwc_vds]: [0]
[debug.sf.framefinder.status]: [0]
[debug.sf.high_fps_early_gl_phase_offset_ns]: [-4000000]
[debug.sf.high_fps_early_phase_offset_ns]: [-4000000]
[debug.sf.high_fps_late_app_phase_offset_ns]: [1000000]
[debug.sf.high_fps_late_sf_phase_offset_ns]: [-4000000]
[debug.sf.hw]: [0]
[debug.sf.latch_unsignaled]: [1]
[debug.sf.oplus_display_trace.enable]: [1]
[debug.sf.predict_hwc_composition_strategy]: [0]
[debug.stagefright.c2inputsurface]: [-1]
[debug.stagefright.ccodec]: [4]
[debug.stagefright.omx_default_rank]: [0]
[debug.tracing.battery_status]: [2]
[debug.tracing.device_state]: [0:DEFAULT]
[debug.tracing.plug_type]: [2]
[dev.bootcomplete]: [1]
[dev.mnt.blk.data]: [sda16]
[dev.mnt.blk.data.persist_log.cache.factory]: [sdf14]
[dev.mnt.blk.data.persist_log.criticallog]: [sdf14]
[dev.mnt.blk.data.persist_log.oplus_fsck_fulldiskscanuserdata]: [sdf14]
[dev.mnt.blk.data.persist_log.oplusreserve.media.log.hang_oplus]: [sdf14]
[dev.mnt.blk.data.persist_log.oplusreserve.media.log.minidumpbackup]: [sdf14]
[dev.mnt.blk.data.persist_log.oplusreserve.media.log.shutdown]: [sdf14]
[dev.mnt.blk.data.persist_log.storage.op2storagelog]: [sdf14]
[dev.mnt.blk.data.user.0]: [sda16]
[dev.mnt.blk.data_mirror.cur_profiles]: [sda16]
[dev.mnt.blk.data_mirror.data_ce.null]: [sda16]
[dev.mnt.blk.data_mirror.data_ce.null.0]: [sda16]
[dev.mnt.blk.data_mirror.data_de.null]: [sda16]
[dev.mnt.blk.data_mirror.misc_ce.null]: [sda16]
[dev.mnt.blk.data_mirror.misc_de.null]: [sda16]
[dev.mnt.blk.data_mirror.ref_profiles]: [sda16]
[dev.mnt.blk.metadata]: [sda12]
[dev.mnt.blk.mnt.oplus.op2]: [sdf14]
[dev.mnt.blk.mnt.oplus.op2.media.log.minidump]: [sdf14]
[dev.mnt.blk.mnt.vendor.my_bigball]: [sda15]
[dev.mnt.blk.mnt.vendor.my_carrier]: [sda15]
[dev.mnt.blk.mnt.vendor.my_company]: [sda15]
[dev.mnt.blk.mnt.vendor.my_engineering]: [sda15]
[dev.mnt.blk.mnt.vendor.my_heytap]: [sda15]
[dev.mnt.blk.mnt.vendor.my_manifest]: [sda15]
[dev.mnt.blk.mnt.vendor.my_preload]: [sda15]
[dev.mnt.blk.mnt.vendor.my_product]: [sda15]
[dev.mnt.blk.mnt.vendor.my_region]: [sda15]
[dev.mnt.blk.mnt.vendor.my_stock]: [sda15]
[dev.mnt.blk.mnt.vendor.oplusreserve]: [sdf14]
[dev.mnt.blk.mnt.vendor.oplusreserve.media.log.minidump]: [sdf14]
[dev.mnt.blk.mnt.vendor.persist]: [sda2]
[dev.mnt.blk.my_bigball]: [sda15]
[dev.mnt.blk.my_carrier]: [sda15]
[dev.mnt.blk.my_company]: [sda15]
[dev.mnt.blk.my_engineering]: [sda15]
[dev.mnt.blk.my_heytap]: [sda15]
[dev.mnt.blk.my_manifest]: [sda15]
[dev.mnt.blk.my_preload]: [sda15]
[dev.mnt.blk.my_product]: [sda15]
[dev.mnt.blk.my_region]: [sda15]
[dev.mnt.blk.my_stock]: [sda15]
[dev.mnt.blk.odm]: [sda15]
[dev.mnt.blk.product]: [sda15]
[dev.mnt.blk.root]: [sda15]
[dev.mnt.blk.system_ext]: [sda15]
[dev.mnt.blk.userdata]: [dm-52]
[dev.mnt.blk.vendor]: [sda15]
[dev.mnt.blk.vendor.bt_firmware]: [sde26]
[dev.mnt.blk.vendor.dsp]: [sde28]
[dev.mnt.blk.vendor.firmware_mnt]: [sde25]
[dev.mnt.dev.data]: [dm-52]
[dev.mnt.dev.data.persist_log.cache.factory]: [sdf14]
[dev.mnt.dev.data.persist_log.criticallog]: [sdf14]
[dev.mnt.dev.data.persist_log.oplus_fsck_fulldiskscanuserdata]: [sdf14]
[dev.mnt.dev.data.persist_log.oplusreserve.media.log.hang_oplus]: [sdf14]
[dev.mnt.dev.data.persist_log.oplusreserve.media.log.minidumpbackup]: [sdf14]
[dev.mnt.dev.data.persist_log.oplusreserve.media.log.shutdown]: [sdf14]
[dev.mnt.dev.data.persist_log.storage.op2storagelog]: [sdf14]
[dev.mnt.dev.data.user.0]: [dm-52]
[dev.mnt.dev.data_mirror.cur_profiles]: [dm-52]
[dev.mnt.dev.data_mirror.data_ce.null]: [dm-52]
[dev.mnt.dev.data_mirror.data_ce.null.0]: [dm-52]
[dev.mnt.dev.data_mirror.data_de.null]: [dm-52]
[dev.mnt.dev.data_mirror.misc_ce.null]: [dm-52]
[dev.mnt.dev.data_mirror.misc_de.null]: [dm-52]
[dev.mnt.dev.data_mirror.ref_profiles]: [dm-52]
[dev.mnt.dev.metadata]: [sda12]
[dev.mnt.dev.mnt.oplus.op2]: [sdf14]
[dev.mnt.dev.mnt.oplus.op2.media.log.minidump]: [sdf14]
[dev.mnt.dev.mnt.vendor.my_bigball]: [dm-12]
[dev.mnt.dev.mnt.vendor.my_carrier]: [dm-8]
[dev.mnt.dev.mnt.vendor.my_company]: [dm-10]
[dev.mnt.dev.mnt.vendor.my_engineering]: [dm-5]
[dev.mnt.dev.mnt.vendor.my_heytap]: [dm-7]
[dev.mnt.dev.mnt.vendor.my_manifest]: [dm-13]
[dev.mnt.dev.mnt.vendor.my_preload]: [dm-11]
[dev.mnt.dev.mnt.vendor.my_product]: [dm-3]
[dev.mnt.dev.mnt.vendor.my_region]: [dm-9]
[dev.mnt.dev.mnt.vendor.my_stock]: [dm-6]
[dev.mnt.dev.mnt.vendor.oplusreserve]: [sdf14]
[dev.mnt.dev.mnt.vendor.oplusreserve.media.log.minidump]: [sdf14]
[dev.mnt.dev.mnt.vendor.persist]: [sda2]
[dev.mnt.dev.my_bigball]: [dm-12]
[dev.mnt.dev.my_carrier]: [dm-8]
[dev.mnt.dev.my_company]: [dm-10]
[dev.mnt.dev.my_engineering]: [dm-5]
[dev.mnt.dev.my_heytap]: [dm-7]
[dev.mnt.dev.my_manifest]: [dm-13]
[dev.mnt.dev.my_preload]: [dm-11]
[dev.mnt.dev.my_product]: [dm-3]
[dev.mnt.dev.my_region]: [dm-9]
[dev.mnt.dev.my_stock]: [dm-6]
[dev.mnt.dev.odm]: [dm-4]
[dev.mnt.dev.product]: [dm-15]
[dev.mnt.dev.root]: [dm-0]
[dev.mnt.dev.system_ext]: [dm-1]
[dev.mnt.dev.vendor]: [dm-2]
[dev.mnt.dev.vendor.bt_firmware]: [sde26]
[dev.mnt.dev.vendor.dsp]: [sde28]
[dev.mnt.dev.vendor.firmware_mnt]: [sde25]
[dev.mnt.rootdisk.data]: [sda]
[dev.mnt.rootdisk.data.persist_log.cache.factory]: [sdf]
[dev.mnt.rootdisk.data.persist_log.criticallog]: [sdf]
[dev.mnt.rootdisk.data.persist_log.oplus_fsck_fulldiskscanuserdata]: [sdf]
[dev.mnt.rootdisk.data.persist_log.oplusreserve.media.log.hang_oplus]: [sdf]
[dev.mnt.rootdisk.data.persist_log.oplusreserve.media.log.minidumpbackup]: [sdf]
[dev.mnt.rootdisk.data.persist_log.oplusreserve.media.log.shutdown]: [sdf]
[dev.mnt.rootdisk.data.persist_log.storage.op2storagelog]: [sdf]
[dev.mnt.rootdisk.data.user.0]: [sda]
[dev.mnt.rootdisk.data_mirror.cur_profiles]: [sda]
[dev.mnt.rootdisk.data_mirror.data_ce.null]: [sda]
[dev.mnt.rootdisk.data_mirror.data_ce.null.0]: [sda]
[dev.mnt.rootdisk.data_mirror.data_de.null]: [sda]
[dev.mnt.rootdisk.data_mirror.misc_ce.null]: [sda]
[dev.mnt.rootdisk.data_mirror.misc_de.null]: [sda]
[dev.mnt.rootdisk.data_mirror.ref_profiles]: [sda]
[dev.mnt.rootdisk.metadata]: [sda]
[dev.mnt.rootdisk.mnt.oplus.op2]: [sdf]
[dev.mnt.rootdisk.mnt.oplus.op2.media.log.minidump]: [sdf]
[dev.mnt.rootdisk.mnt.vendor.my_bigball]: [sda]
[dev.mnt.rootdisk.mnt.vendor.my_carrier]: [sda]
[dev.mnt.rootdisk.mnt.vendor.my_company]: [sda]
[dev.mnt.rootdisk.mnt.vendor.my_engineering]: [sda]
[dev.mnt.rootdisk.mnt.vendor.my_heytap]: [sda]
[dev.mnt.rootdisk.mnt.vendor.my_manifest]: [sda]
[dev.mnt.rootdisk.mnt.vendor.my_preload]: [sda]
[dev.mnt.rootdisk.mnt.vendor.my_product]: [sda]
[dev.mnt.rootdisk.mnt.vendor.my_region]: [sda]
[dev.mnt.rootdisk.mnt.vendor.my_stock]: [sda]
[dev.mnt.rootdisk.mnt.vendor.oplusreserve]: [sdf]
[dev.mnt.rootdisk.mnt.vendor.oplusreserve.media.log.minidump]: [sdf]
[dev.mnt.rootdisk.mnt.vendor.persist]: [sda]
[dev.mnt.rootdisk.my_bigball]: [sda]
[dev.mnt.rootdisk.my_carrier]: [sda]
[dev.mnt.rootdisk.my_company]: [sda]
[dev.mnt.rootdisk.my_engineering]: [sda]
[dev.mnt.rootdisk.my_heytap]: [sda]
[dev.mnt.rootdisk.my_manifest]: [sda]
[dev.mnt.rootdisk.my_preload]: [sda]
[dev.mnt.rootdisk.my_product]: [sda]
[dev.mnt.rootdisk.my_region]: [sda]
[dev.mnt.rootdisk.my_stock]: [sda]
[dev.mnt.rootdisk.odm]: [sda]
[dev.mnt.rootdisk.product]: [sda]
[dev.mnt.rootdisk.root]: [sda]
[dev.mnt.rootdisk.system_ext]: [sda]
[dev.mnt.rootdisk.vendor]: [sda]
[dev.mnt.rootdisk.vendor.bt_firmware]: [sde]
[dev.mnt.rootdisk.vendor.dsp]: [sde]
[dev.mnt.rootdisk.vendor.firmware_mnt]: [sde]
[dev.pm.dyn_samplingrate]: [1]
[gsm.current.phone-type]: [1,1]
[gsm.ims.type0]: []
[gsm.lte.ca.support]: [1]
[gsm.network.type]: [LTE,Unknown]
[gsm.operator.alpha]: [,]
[gsm.operator.iso-country]: [us,]
[gsm.operator.isroaming]: [false,false]
[gsm.operator.numeric]: [,]
[gsm.sim.state]: [ABSENT,ABSENT]
[gsm.sim.sume]: []
[gsm.sim2.sume]: []
[gsm.version.baseband]: [Q_V1_P14,Q_V1_P14]
[gsm.version.ril-impl]: [Qualcomm RIL 1.0]
[hwservicemanager.ready]: [true]
[init.svc.WifibdfVersion]: [stopped]
[init.svc.adbd]: [running]
[init.svc.android.thermal-hal]: [running]
[init.svc.apexd]: [stopped]
[init.svc.apexd-bootstrap]: [stopped]
[init.svc.apexd-snapshotde]: [stopped]
[init.svc.art_boot]: [stopped]
[init.svc.artd]: [running]
[init.svc.atlasservice]: [running]
[init.svc.audioserver]: [running]
[init.svc.bootanim]: [stopped]
[init.svc.boringssl_self_test32]: [stopped]
[init.svc.boringssl_self_test32_vendor]: [stopped]
[init.svc.boringssl_self_test64]: [stopped]
[init.svc.boringssl_self_test64_vendor]: [stopped]
[init.svc.boringssl_self_test_apex32]: [stopped]
[init.svc.boringssl_self_test_apex64]: [stopped]
[init.svc.bpfloader]: [stopped]
[init.svc.bspFwUpdate]: [running]
[init.svc.bsp_kevent]: [running]
[init.svc.cameraserver]: [running]
[init.svc.clearWifiDumpFile]: [stopped]
[init.svc.clear_pmic_history]: [stopped]
[init.svc.cnss-daemon]: [running]
[init.svc.common_dcs]: [running]
[init.svc.copyPreloadGattDB]: [stopped]
[init.svc.copy_aging_resource]: [stopped]
[init.svc.cotad]: [stopped]
[init.svc.cotad-boot]: [stopped]
[init.svc.countCachedHciLog]: [stopped]
[init.svc.create_black_bright_check_file]: [stopped]
[init.svc.credstore]: [running]
[init.svc.criticallog]: [running]
[init.svc.datafree]: [stopped]
[init.svc.debug_assert_tip]: [stopped]
[init.svc.derive_classpath]: [stopped]
[init.svc.derive_sdk]: [stopped]
[init.svc.display-color-hal-1-0]: [running]
[init.svc.displaypanelfeature-1-0]: [running]
[init.svc.dpmQmiMgr]: [running]
[init.svc.dpmd]: [running]
[init.svc.drm]: [running]
[init.svc.dump_switch_off]: [stopped]
[init.svc.dumpoff]: [stopped]
[init.svc.enablewifidump]: [stopped]
[init.svc.face_hal]: [running]
[init.svc.feature_enabler_client]: [running]
[init.svc.fido2ca]: [running]
[init.svc.fidoca]: [running]
[init.svc.fpay_hal]: [running]
[init.svc.fps_hal]: [running]
[init.svc.gameopt_hal_service-1-0]: [running]
[init.svc.gatekeeper-1-0]: [running]
[init.svc.gatekeeperd]: [running]
[init.svc.generate_runtime_prop]: [stopped]
[init.svc.gnss_service]: [running]
[init.svc.gpu]: [running]
[init.svc.hal_cryptoeng_oplus]: [running]
[init.svc.hans]: [running]
[init.svc.health-hal-2-1]: [running]
[init.svc.heapprofd]: [stopped]
[init.svc.hidl_memory]: [running]
[init.svc.horae]: [running]
[init.svc.hwservicemanager]: [running]
[init.svc.idmap2d]: [stopped]
[init.svc.incidentd]: [running]
[init.svc.init.oplus.nandswap.sh]: [stopped]
[init.svc.inittpdebug]: [stopped]
[init.svc.installd]: [running]
[init.svc.iopgp]: [running]
[init.svc.irsc_util]: [stopped]
[init.svc.kernel-boot]: [stopped]
[init.svc.kernel-post-boot]: [stopped]
[init.svc.keystore2]: [running]
[init.svc.lmkd]: [running]
[init.svc.loc_launcher]: [running]
[init.svc.logd]: [running]
[init.svc.logd-auditctl]: [stopped]
[init.svc.logd-reinit]: [stopped]
[init.svc.media]: [running]
[init.svc.media.swcodec]: [running]
[init.svc.mediadrm]: [running]
[init.svc.mediaextractor]: [running]
[init.svc.mediametrics]: [running]
[init.svc.midasd]: [running]
[init.svc.mlid]: [running]
[init.svc.mmlistservice]: [running]
[init.svc.netd]: [running]
[init.svc.occe_create]: [stopped]
[init.svc.odsign]: [stopped]
[init.svc.ofm-service]: [stopped]
[init.svc.oiface]: [running]
[init.svc.ommdisplay-hal-1-0]: [running]
[init.svc.onbootlog]: [stopped]
[init.svc.oplus.engineer-1-0]: [running]
[init.svc.oplus.hal.cammidasservice-1-0]: [running]
[init.svc.oplus.hardware.olc-2-0]: [running]
[init.svc.oplus.oplus_project-1]: [running]
[init.svc.oplus.performance.hal.service-1-0]: [running]
[init.svc.oplus.powermonitor.hal.service-1-0]: [running]
[init.svc.oplus.rpmh.hal.service-1-0]: [running]
[init.svc.oplus.usage-1-0]: [running]
[init.svc.oplus_charger_hal_service]: [running]
[init.svc.oplus_dump_netconfig]: [stopped]
[init.svc.oplus_dump_owm]: [stopped]
[init.svc.oplus_dump_selfcure]: [stopped]
[init.svc.oplus_gaia]: [running]
[init.svc.oplus_kevents]: [running]
[init.svc.oplus_last_boot_reasons]: [stopped]
[init.svc.oplus_mm_configure]: [stopped]
[init.svc.oplus_sensor_fb]: [running]
[init.svc.oplus_theias]: [running]
[init.svc.oplus_wifi_service]: [running]
[init.svc.oplusfelicservice]: [running]
[init.svc.oplusnfc_1_0_hal_service]: [running]
[init.svc.orms-hal-1-0]: [running]
[init.svc.ostats_pullerd]: [running]
[init.svc.ostats_tpd]: [running]
[init.svc.ostatsd]: [running]
[init.svc.perf-hal-2-2]: [running]
[init.svc.postmand]: [running]
[init.svc.poweropt-service]: [running]
[init.svc.prng_seeder]: [running]
[init.svc.psiclient]: [stopped]
[init.svc.qccsyshal@1.2-service]: [running]
[init.svc.qccvndhalservice]: [running]
[init.svc.qcom-c_core-sh]: [stopped]
[init.svc.qcom-c_main-sh]: [stopped]
[init.svc.qcom-post-boot]: [stopped]
[init.svc.qcom-sh]: [stopped]
[init.svc.qcomsysd]: [running]
[init.svc.qmilogoff]: [stopped]
[init.svc.qseecom-service]: [running]
[init.svc.qsguard]: [running]
[init.svc.qspmhal]: [running]
[init.svc.qteeconnector-hal-1-0]: [running]
[init.svc.qti-media]: [stopped]
[init.svc.qti-modem-daemon-0]: [running]
[init.svc.qti-modem-daemon-1]: [running]
[init.svc.qti_display_boot]: [stopped]
[init.svc.quickboot]: [stopped]
[init.svc.rad]: [stopped]
[init.svc.readdump]: [stopped]
[init.svc.replace_splash_logo]: [stopped]
[init.svc.resetlogpath]: [stopped]
[init.svc.sensorscal-hal-1-0]: [running]
[init.svc.servicemanager]: [running]
[init.svc.soter-1-0]: [running]
[init.svc.ssgqmigd]: [running]
[init.svc.statsd]: [running]
[init.svc.storaged]: [running]
[init.svc.subsys-sh]: [stopped]
[init.svc.surfaceflinger]: [running]
[init.svc.system_suspend]: [running]
[init.svc.thermal-engine]: [running]
[init.svc.thermal_mnt_hal_service]: [running]
[init.svc.time_daemon]: [running]
[init.svc.tombstoned]: [running]
[init.svc.traced]: [running]
[init.svc.traced_perf]: [stopped]
[init.svc.traced_probes]: [running]
[init.svc.tui_comm-1-0]: [running]
[init.svc.ueventd]: [running]
[init.svc.update_engine]: [running]
[init.svc.update_feature_link]: [stopped]
[init.svc.update_feature_map]: [stopped]
[init.svc.update_single_sim_config]: [stopped]
[init.svc.update_verifier_nonencrypted]: [stopped]
[init.svc.usbd]: [stopped]
[init.svc.vendor-qti-media-c2-hal-1-0]: [running]
[init.svc.vendor-sensor-sh]: [stopped]
[init.svc.vndservicemanager]: [running]
[init.svc.vold]: [running]
[init.svc.wfdhdcphalservice]: [running]
[init.svc.wfdvndservice]: [running]
[init.svc.wificond]: [running]
[init.svc.wifidisplayhalservice]: [running]
[init.svc.wifidriverlog_on]: [stopped]
[init.svc.wifiserver]: [stopped]
[init.svc.wpa_supplicant]: [running]
[init.svc.zygote]: [running]
[init.svc.zygote_secondary]: [running]
[io.branch.preinstall.apps.path]: [/data/etc/appchannel/pre_install_apps.branch]
[is_can_remove_themespacelib]: [1]
[log.tag.APM_AudioPolicyManager]: [D]
[log.tag.AudioBoost]: [D]
[log.tag.AudioFlinger]: [D]
[log.tag.AudioFlinger::PatchPanel]: [D]
[log.tag.AudioPolicyManagerExtImpl]: [D]
[log.tag.AudioTrack]: [D]
[log.tag.DeviceStatisticsService]: [DEBUG]
[log.tag.GameAudioEffects]: [D]
[log.tag.stats_log]: [I]
[logd.ready]: [true]
[media.aac_51_output_enabled]: [true]
[media.settings.xml]: [/vendor/etc/media_profiles_vendor.xml]
[media.stagefright.audio.deep]: [false]
[media.stagefright.enable-aac]: [true]
[media.stagefright.enable-fma2dp]: [true]
[media.stagefright.enable-http]: [true]
[media.stagefright.enable-player]: [true]
[media.stagefright.enable-qcp]: [true]
[media.stagefright.enable-scan]: [true]
[media.stagefright.thumbnail.prefer_hw_codecs]: [true]
[mmp.enable.3g2]: [true]
[net.bt.name]: [Android]
[net.tcp.2g_init_rwnd]: [10]
[nfc.initialized]: [true]
[nfc.reboot.flag]: [false]
[odm.dirac.path]: [/odm/etc/dirac]
[odsign.key.done]: [1]
[odsign.verification.done]: [1]
[odsign.verification.success]: [1]
[oplus.bt.conn.count]: [0]
[oplus.device.firstboot]: [1]
[oplus.opex.finish]: [1]
[oplus.opex.merge]: [true]
[oplus.service.datafree.enable]: [0]
[oplus.switch.video.beauty]: [1]
[oplus.video.beauty.com.facebook.orca]: [{"activityName":"InCall","fbParam":"0,0,0,0,0,0,0,0,0,0,0","isOpen":"0"}]
[oplus.video.beauty.com.tencent.mm]: [{"activityName":"tencent","fbParam":"0,0,0,0,0,0,0,0,0,0,0","isOpen":"0"}]
[oplus.video.beauty.com.whatsapp]: [{"activityName":"Voip","fbParam":"0,0,0,0,0,0,0,0,0,0,0","isOpen":"0"}]
[ota.warm_reset]: [0]
[persist.anr.dumpthr]: [1]
[persist.app.brightness.delay]: [2000]
[persist.backup.ntpServer]: ["0.pool.ntp.org"]
[persist.bt.iot.enablelogging]: [true]
[persist.camera.privapp.list]: [com.oneplus.camera,com.oppo.camera,com.oplus.engineercamera,com.oplus.camera]
[persist.data.df.agg.dl_pkt]: [10]
[persist.data.df.agg.dl_size]: [4096]
[persist.data.df.dev_name]: [rmnet_usb0]
[persist.data.df.dl_mode]: [5]
[persist.data.df.iwlan_mux]: [9]
[persist.data.df.mux_count]: [8]
[persist.data.df.ul_mode]: [5]
[persist.data.wda.enable]: [true]
[persist.debug.coresight.config]: [stm-events]
[persist.debug.onetrace.aging]: [1]
[persist.debug.wfd.enable]: [1]
[persist.device_config.runtime_native_boot.iorap_perfetto_enable]: [true]
[persist.fuse_sdcard]: [true]
[persist.ims.disableADBLogs]: [0]
[persist.ims.disableDebugLogs]: [0]
[persist.ims.disableIMSLogs]: [0]
[persist.ims.disableQXDMLogs]: [0]
[persist.mm.enable.prefetch]: [true]
[persist.nfc.smartcard.recorder.enable]: [true]
[persist.oplus.a2dp_small_volume]: [true]
[persist.oplus.audio.camcorderswitchmic.defaultconfig]: [1]
[persist.oplus.display.vrr]: [1]
[persist.oplus.mainlineupdate.status]: [false]
[persist.radio.hvolte.enable]: [1]
[persist.radio.multisim.config]: [dsds]
[persist.rild.nitz_long_ons_0]: []
[persist.rild.nitz_long_ons_1]: []
[persist.rild.nitz_long_ons_2]: []
[persist.rild.nitz_long_ons_3]: []
[persist.rild.nitz_plmn]: []
[persist.rild.nitz_short_ons_0]: []
[persist.rild.nitz_short_ons_1]: []
[persist.rild.nitz_short_ons_2]: []
[persist.rild.nitz_short_ons_3]: []
[persist.rmnet.data.enable]: [true]
[persist.sys.adb.engineermode]: [1]
[persist.sys.adddevdiag]: [0]
[persist.sys.allcommode]: [false]
[persist.sys.ap_log_size]: [1000]
[persist.sys.assert.enabletip]: [0]
[persist.sys.assert.panic]: [false]
[persist.sys.assert.state]: [false]
[persist.sys.audio_detection_type]: [511]
[persist.sys.bluetooth.abnormal_sco_notify]: [true]
[persist.sys.bluetooth.ble.retry.support]: [true]
[persist.sys.bluetooth.gatt.cache.support]: [true]
[persist.sys.bluetooth.phone.balanced.offset]: [-5]
[persist.sys.bluetooth.phone.offset]: [0]
[persist.sys.bluetooth.random]: [true]
[persist.sys.bluetooth.rssi_distance.balanced]: [true]
[persist.sys.bluetooth.rssi_distance.support]: [true]
[persist.sys.bluetooth.wearcheck_support]: [true]
[persist.sys.boot.reason]: []
[persist.sys.boot.reason.history]: [reboot,factory_reset,1672549286
cold,1499641]
[persist.sys.brand.oplus]: [true]
[persist.sys.cfu_auto]: [1]
[persist.sys.chgpwroff]: [1]
[persist.sys.com.oplus.debug.time]: []
[persist.sys.custommedia.init_last_default_ringtone_title]: [done]
[persist.sys.custommedia.last_default_ringtone_title]: []
[persist.sys.dalvik.vm.lib.2]: [libart.so]
[persist.sys.data_migrate_first_check_t]: [false]
[persist.sys.debuglog.config]: [other]
[persist.sys.device_first_boot]: [0]
[persist.sys.dex2oat.lasttime]: [1499700230]
[persist.sys.dex2oat.record]: [11]
[persist.sys.disable_rescue]: [true]
[persist.sys.display.gaming]: [0]
[persist.sys.displayinset.top]: [0]
[persist.sys.dump]: [0]
[persist.sys.enable_ad_logdump]: [0]
[persist.sys.enable_ad_pcmdump]: [0]
[persist.sys.enable_ad_switch]: [1]
[persist.sys.enable_adsp_dump]: [1]
[persist.sys.enable_mtk_adsp_dump]: [0]
[persist.sys.enable_venus_dump]: [1]
[persist.sys.firstreconcilece]: [false]
[persist.sys.firstreconcilece_time]: [1672549295184]
[persist.sys.force_sw_gles]: [1]
[persist.sys.force_to_display_bootreg]: [false]
[persist.sys.force_to_display_new_features]: [false]
[persist.sys.force_to_display_new_policies]: [false]
[persist.sys.fuse]: [true]
[persist.sys.fuse.enabled]: [true]
[persist.sys.fuse.passthrough.enable]: [true]
[persist.sys.hans.appcard.enable]: [true]
[persist.sys.hans.appcard.update_threshold]: [5000]
[persist.sys.hans.skipframe.count]: [20]
[persist.sys.hans.skipframe.enable]: [true]
[persist.sys.hans.skipframe.f_duration]: [30000]
[persist.sys.hardcoder.name]: [oiface]
[persist.sys.horae.enable]: [1]
[persist.sys.input.tracker.enable]: [true]
[persist.sys.input_java_level]: [0]
[persist.sys.input_native_level]: [0]
[persist.sys.inputlatency_report_interval]: [10000ms]
[persist.sys.inputlatency_threshold_millis]: [300ms]
[persist.sys.iopgp.status]: [1]
[persist.sys.jank.frame.print]: [500]
[persist.sys.jank.intermittent.ratio]: [6]
[persist.sys.jank.launch.frame]: [1000]
[persist.sys.janktracker.enable]: [true]
[persist.sys.lastdumpmode]: [0]
[persist.sys.launch_delay]: [500]
[persist.sys.launch_exception_delay]: [1000]
[persist.sys.launch_second_delay]: [300]
[persist.sys.lmk.reportkills]: [true]
[persist.sys.locale]: [en-US]
[persist.sys.log.cache]: [false]
[persist.sys.log.event]: [20|5]
[persist.sys.log.kernel]: [50|30]
[persist.sys.log.lfeh]: [true]
[persist.sys.log.lfeh.default]: [false]
[persist.sys.log.lfeh.delete]: [false]
[persist.sys.log.lfeh.test]: [false]
[persist.sys.log.main]: [50|70]
[persist.sys.log.radio]: [20|10]
[persist.sys.log.tcpdump]: [100|50]
[persist.sys.log.user]: [1]
[persist.sys.looper.level]: [1]
[persist.sys.mark_to_display_new_features]: [false]
[persist.sys.mark_to_display_new_policies]: [false]
[persist.sys.midasd.display.cwb.enable]: [0]
[persist.sys.midasd.enable]: [1]
[persist.sys.mute.state]: [2]
[persist.sys.nw_lab_test]: [0]
[persist.sys.nw_mbn_icon]: [0]
[persist.sys.obrain_obfuscate.enable]: [1]
[persist.sys.oem_smooth]: [1]
[persist.sys.oiface.enable]: [2]
[persist.sys.oiface.feature]: [oiface:1f,oifaceim:ffffffff]
[persist.sys.opae.func_enable]: [false]
[persist.sys.oplus.bgdex2oat_enabled]: [true]
[persist.sys.oplus.bt.acl_optimize]: [true]
[persist.sys.oplus.bt.binaural_record]: [true]
[persist.sys.oplus.bt.cache_evt_pack_log_cnt]: [0,0,0,0,0,0,0,0,0,0,0,0,0,0,0,0,0,0]
[persist.sys.oplus.bt.cache_evt_pack_log_rate]: [0,0,15,20,30,0,0,15,15,0,15,0,10,0,15,0,3,0]
[persist.sys.oplus.bt.cache_hci_qca_log_ids]: [0]
[persist.sys.oplus.bt.cache_hcilog_allow_all_devices]: [1]
[persist.sys.oplus.bt.cache_hcilog_fsThreshold_bytes]: [10485760]
[persist.sys.oplus.bt.cache_hcilog_fsThreshold_cnt]: [10]
[persist.sys.oplus.bt.cache_hcilog_mode]: [1]
[persist.sys.oplus.bt.cache_hcilog_target_devices]: [76,2050,24064,3,32000,32048,32049+688,801,*]
[persist.sys.oplus.bt.cache_hcilog_upload_threshold]: [20]
[persist.sys.oplus.bt.codec_negotiation_timeout_mechanism.enable]: [true]
[persist.sys.oplus.bt.diagnose_tool_on]: [true]
[persist.sys.oplus.bt.inquiry_cache]: [true]
[persist.sys.oplus.bt.log_off_bt]: [true]
[persist.sys.oplus.bt.switch_log.check_state_time]: [5000]
[persist.sys.oplus.bt.switch_log.enable]: [true]
[persist.sys.oplus.bt.switch_log.maxcount]: [6]
[persist.sys.oplus.bt.switch_log.range]: [0123456789abcdef]
[persist.sys.oplus.bt.switch_log.singlemaxcount]: [3]
[persist.sys.oplus.cid_time]: [1672549341125]
[persist.sys.oplus.company.data_backup]: [default_stub]
[persist.sys.oplus.dextime]: [200]
[persist.sys.oplus.display.brightness.mode]: [0]
[persist.sys.oplus.doF2fsFragScoreWhenCharge]: [false]
[persist.sys.oplus.drop_first_frame]: [false]
[persist.sys.oplus.f2fsFragScore]: [0]
[persist.sys.oplus.fatal]: []
[persist.sys.oplus.gps.nlp_name]: [gms]
[persist.sys.oplus.gps.ntrip_name]: [default_ntrip_client.so]
[persist.sys.oplus.hybridswap_app_memcg]: [true]
[persist.sys.oplus.longpwk]: []
[persist.sys.oplus.my_carrier.data_utc_backup]: [0]
[persist.sys.oplus.nandswap]: [true]
[persist.sys.oplus.nandswap.cfg]: [4,6,8]
[persist.sys.oplus.nandswap.condition]: [true]
[persist.sys.oplus.nandswap.err]: [0]
[persist.sys.oplus.nandswap.lvl]: [0]
[persist.sys.oplus.nandswap.storage.min]: [15]
[persist.sys.oplus.nandswap.swapsize]: [4]
[persist.sys.oplus.nandswap.swapsize.curr]: [4]
[persist.sys.oplus.nfw.enable]: [1]
[persist.sys.oplus.osense.version]: [1.00]
[persist.sys.oplus.platformlevel]: [c:2,g:2]
[persist.sys.oplus.pre_cid_time]: [0]
[persist.sys.oplus.reboot]: []
[persist.sys.oplus.recorder.enable]: [true]
[persist.sys.oplus.region]: [US]
[persist.sys.oplus.rssiSendTime]: [1672549320356]
[persist.sys.oplus.serialno]: []
[persist.sys.oplus.silence]: [0]
[persist.sys.oplus.simlockoperator]: [-1]
[persist.sys.oplus.sw.shutdown.reason]: []
[persist.sys.oplus.usbactive]: [false]
[persist.sys.oplus.wifi.fulldump.enable]: [1]
[persist.sys.oplus.wifi.lastestEnable.time]: [1672549318328]
[persist.sys.oplus.wifi.latestEnableFail.time]: [0]
[persist.sys.oplusdebug.tpcatcher]: [0]
[persist.sys.oplusnetwake.enable]: [true]
[persist.sys.opluspcm.enable]: [true]
[persist.sys.opluspm.enable]: [false]
[persist.sys.oppo.junklog]: [false]
[persist.sys.oppo.junkmonitor]: [true]
[persist.sys.orms.name]: [ORMS]
[persist.sys.ostats_pullerd.enable]: [1]
[persist.sys.ostats_tpd.enable]: [1]
[persist.sys.ostatsd.enable]: [1]
[persist.sys.permission.enable]: [true]
[persist.sys.poweralarm.time]: [0]
[persist.sys.powerkeydump]: [0]
[persist.sys.poweroffsound]: [1]
[persist.sys.poweronsound]: [1]
[persist.sys.q.focusmode]: [1]
[persist.sys.qxdm.num]: [10]
[persist.sys.qxdm.size]: [100]
[persist.sys.rad.enable]: [0]
[persist.sys.reboot.time.count]: [4]
[persist.sys.reconcile.finish]: [true]
[persist.sys.remove.region-all.apk]: [US@CARRIERALL]
[persist.sys.remove.region.apk]: [US]
[persist.sys.rm_sensitive_data]: [1]
[persist.sys.sd_shutdown]: [false]
[persist.sys.securekeyguard.isShowing]: [false]
[persist.sys.sf.color_mode]: [7]
[persist.sys.sf.color_saturation]: [1.0]
[persist.sys.sf.native_mode]: [0]
[persist.sys.simlock.ver]: [1]
[persist.sys.tasktracker.enable]: [true]
[persist.sys.themeflag.uxicon]: [-1]
[persist.sys.timezone]: [America/New_York]
[persist.sys.ufs_version_new]: [false]
[persist.sys.unified_poweroffalarm]: [true]
[persist.sys.usb.boot_enable]: [false]
[persist.sys.usb.config]: [adb]
[persist.sys.usb.plugout]: [false]
[persist.sys.usb.qmmi.func]: [adb]
[persist.sys.usb.reboot.func]: [mtp,adb]
[persist.sys.view_delay]: [100]
[persist.sys.wfd.virtual]: [0]
[persist.sys.wifi.channel.version]: [36]
[persist.timed.enable]: [true]
[persist.traced.enable]: [1]
[persist.vendor.dpm.feature]: [11]
[persist.vendor.dpm.idletimer.mode]: [default]
[persist.vendor.dpm.tcm]: [2]
[persist.vendor.enable.cpulimit]: [false]
[persist.vendor.enable.hans]: [true]
[persist.vendor.enable.preload]: [true]
[persist.vendor.rpmb.enable.state]: [1]
[persist.vendor.ssr.enable_ramdumps]: [1]
[persist.version.confidential]: [false]
[persist.wm.debug.shell_transit]: [true]
[pm.dexopt.ab-ota]: [speed-profile]
[pm.dexopt.bg-dexopt]: [speed-profile]
[pm.dexopt.boot-after-mainline-update]: [verify]
[pm.dexopt.boot-after-ota]: [verify]
[pm.dexopt.cmdline]: [verify]
[pm.dexopt.first-boot]: [verify]
[pm.dexopt.inactive]: [verify]
[pm.dexopt.install]: [speed-profile]
[pm.dexopt.install-bulk]: [speed-profile]
[pm.dexopt.install-bulk-downgraded]: [verify]
[pm.dexopt.install-bulk-secondary]: [verify]
[pm.dexopt.install-bulk-secondary-downgraded]: [extract]
[pm.dexopt.install-fast]: [skip]
[pm.dexopt.post-boot]: [extract]
[pm.dexopt.shared]: [speed]
[qcom.hw.aac.encoder]: [true]
[qcom.oplus.drmserver]: [32]
[qcom.oplus.mini.late_init]: [true]
[remote_provisioning.enable_rkpd]: [true]
[remote_provisioning.hostname]: [remoteprovisioning.googleapis.com]
[ril.ecclist]: [911,112,000,119,118,110,08,999]
[ril.ecclist1]: [911,122,112,000,110,08,999,120,119,118]
[ril.subscription.types]: [NV,RUIM]
[rild.libpath]: [/vendor/lib64/libril-qc-hal-qmi.so]
[ro.actionable_compatible_property.enabled]: [true]
[ro.adb.secure]: [1]
[ro.af.client_heap_size_kbyte]: [7168]
[ro.allow.mock.location]: [0]
[ro.apex.updatable]: [true]
[ro.appsflyer.preinstall.path]: [/data/etc/appchannel/pre_install.appsflyer]
[ro.baseband]: [msm]
[ro.bluetooth.library_name]: [libbluetooth_qti.so]
[ro.board.api_level]: [30]
[ro.board.first_api_level]: [30]
[ro.board.platform]: [holi]
[ro.boot.avb_version]: [1.1]
[ro.boot.baseband]: [msm]
[ro.boot.boot_devices]: [soc/4804000.ufshc]
[ro.boot.bootdevice]: [4804000.ufshc]
[ro.boot.bootreason]: [reboot,factory_reset]
[ro.boot.console]: [ttyMSM0]
[ro.boot.dtb_idx]: [0]
[ro.boot.dtbo_idx]: [29]
[ro.boot.dynamic_partitions]: [true]
[ro.boot.flash.locked]: [0]
[ro.boot.force_normal_boot]: [1]
[ro.boot.fstab_suffix]: [default]
[ro.boot.hardware]: [qcom]
[ro.boot.hw_region_id]: [4]
[ro.boot.keymaster]: [1]
[ro.boot.memcg]: [1]
[ro.boot.mode]: [reboot]
[ro.boot.prjname]: [22872]
[ro.boot.product.hardware.sku]: [14]
[ro.boot.serialno]: [xxxxxxxx]
[ro.boot.slot_suffix]: [_b]
[ro.boot.startupmode]: [dc_charger]
[ro.boot.usbcontroller]: [4e00000.dwc3]
[ro.boot.verifiedbootstate]: [orange]
[ro.bootimage.build.date]: [Thu Dec  7 23:29:08 CST 2023]
[ro.bootimage.build.date.utc]: [1701962948]
[ro.bootimage.build.fingerprint]: [OnePlus/CPH2513/OP5958L1:14/RKQ1.211119.001/T.R4T1.150e109-1-3:user/release-keys]
[ro.bootimage.build.version.incremental]: [T.R4T1.150e109-1-3]
[ro.bootloader]: [unknown]
[ro.bootmode]: [reboot]
[ro.build.ab_update]: [true]
[ro.build.characteristics]: [nosdcard]
[ro.build.date]: [Thu Dec  7 22:39:33 CST 2023]
[ro.build.date.Ymd]: [231207]
[ro.build.date.YmdHM]: [202312072246]
[ro.build.date.utc]: [1701959973]
[ro.build.date.ymd]: [231207]
[ro.build.description]: [qssi-user 14 UKQ1.230924.001 1701959973846 release-keys]
[ro.build.device_family]: [OPSM6375]
[ro.build.display.full_id]: [CPH2513export_11_C.36_2023120800580103]
[ro.build.display.id]: [CPH2513_14.0.0.201(EX01)]
[ro.build.display.id.show]: [CPH2513_14.0.0.201(EX01)]
[ro.build.display.ota]: [CPH2513_11_C.36]
[ro.build.fingerprint]: [OnePlus/CPH2513/OP5958L1:14/RKQ1.211119.001/T.R4T1.150e109-1-3:user/release-keys]
[ro.build.flavor]: [qssi-user]
[ro.build.hardware.version]: [11]
[ro.build.host]: [dg02-pool06-kvm4]
[ro.build.id]: [RKQ1.211119.001]
[ro.build.kernel.id]: [5.4.233]
[ro.build.keys]: [release-keys]
[ro.build.master.date]: [202312072246]
[ro.build.oplus_ext_partitions]: [my_engineering my_product my_heytap my_stock my_region my_carrier my_preload my_bigball my_company]
[ro.build.oplus_nv_id]: [10100001]
[ro.build.product]: [CPH2513]
[ro.build.release_type]: [true]
[ro.build.tags]: [release-keys]
[ro.build.type]: [user]
[ro.build.user]: [root]
[ro.build.version.all_codenames]: [REL]
[ro.build.version.base_os]: [OnePlus/CPH2513/OP5958L1:14/RKQ1.211119.001/T.R4T1.14ca768_474a-b:user/release-keys]
[ro.build.version.codename]: [REL]
[ro.build.version.incremental]: [T.R4T1.150e109-1-3]
[ro.build.version.known_codenames]: [Base,Base11,Cupcake,Donut,Eclair,Eclair01,EclairMr1,Froyo,Gingerbread,GingerbreadMr1,Honeycomb,HoneycombMr1,HoneycombMr2,IceCreamSandwich,IceCreamSandwichMr1,JellyBean,JellyBeanMr1,JellyBeanMr2,Kitkat,KitkatWatch,Lollipop,LollipopMr1,M,N,NMr1,O,OMr1,P,Q,R,S,Sv2,Tiramisu,UpsideDownCake]
[ro.build.version.min_supported_target_sdk]: [28]
[ro.build.version.module.sub_api]: [1]
[ro.build.version.oplus.api]: [30]
[ro.build.version.oplus.sub_api]: [19]
[ro.build.version.oplusrom]: [V14.0.0]
[ro.build.version.oplusrom.confidential]: [V14.0.0]
[ro.build.version.oplusrom.display]: [14.0]
[ro.build.version.ota]: [CPH2513_11.C.36_1360_202312080058]
[ro.build.version.preview_sdk]: [0]
[ro.build.version.preview_sdk_fingerprint]: [REL]
[ro.build.version.release]: [14]
[ro.build.version.release_or_codename]: [14]
[ro.build.version.release_or_preview_display]: [14]
[ro.build.version.sdk]: [34]
[ro.build.version.security_patch]: [2023-12-05]
[ro.build.version.svn]: [36]
[ro.camera.notify_nfc]: [1]
[ro.camera.privileged.3rdpartyApp]: [com.aiunit.aon;]
[ro.carrier]: [unknown]
[ro.com.android.dataroaming]: [false]
[ro.com.google.clientidbase]: [android-oneplus]
[ro.com.google.clientidbase.ms]: [android-oneplus-terr1-rso1]
[ro.com.google.clientidbase.pg]: [android-oneplus-deo1]
[ro.com.google.clientidbase.vs]: [android-oneplus-terr1-rso1]
[ro.com.google.gmsversion]: [14_202310]
[ro.com.google.lens.oem_camera_package]: [com.oplus.camera]
[ro.com.google.lens.oem_image_package]: [com.oneplus.gallery]
[ro.config.alarm_alert]: [Cloudscape.ogg]
[ro.config.calendar_sound]: [Cozy.ogg]
[ro.config.notification_sim2]: [Free.ogg]
[ro.config.notification_sms]: [Free.ogg]
[ro.config.notification_sound]: [Whoop_doop.ogg]
[ro.config.ringtone]: [OnePlus_new_feeling.ogg]
[ro.config.ringtone_sim2]: [OnePlus_new_feeling.ogg]
[ro.config.vc_call_vol_steps]: [9]
[ro.config.volume_not_share]: [true]
[ro.control_privapp_permissions]: [enforce]
[ro.crypto.dm_default_key.options_format.version]: [2]
[ro.crypto.metadata.enabled]: [true]
[ro.crypto.state]: [encrypted]
[ro.crypto.support_metadata_encrypt]: [true]
[ro.crypto.type]: [file]
[ro.crypto.uses_fs_ioc_add_encryption_key]: [true]
[ro.crypto.volume.metadata.method]: [dm-default-key]
[ro.dalvik.vm.enable_uffd_gc]: [false]
[ro.dalvik.vm.native.bridge]: [0]
[ro.debuggable]: [0]
[ro.display.underscreen.lightsensor.screenshot.period]: [50]
[ro.display.underscreen.lightsensor.support]: [1]
[ro.dumpenvironment.time]: [10000]
[ro.force.debuggable]: [0]
[ro.frp.pst]: [/dev/block/bootdevice/by-name/frp]
[ro.fuse.bpf.is_running]: [false]
[ro.hardware]: [qcom]
[ro.hardware.egl]: [adreno]
[ro.hardware.vulkan]: [adreno]
[ro.hw.phone.color]: [FF213037]
[ro.hwui.drop_shadow_cache_size]: [6]
[ro.hwui.gradient_cache_size]: [1]
[ro.hwui.layer_cache_size]: [48]
[ro.hwui.path_cache_size]: [32]
[ro.hwui.r_buffer_cache_size]: [8]
[ro.hwui.text_large_cache_height]: [1024]
[ro.hwui.text_large_cache_width]: [2048]
[ro.hwui.text_small_cache_height]: [1024]
[ro.hwui.text_small_cache_width]: [1024]
[ro.hwui.texture_cache_flushrate]: [0.4]
[ro.hwui.texture_cache_size]: [72]
[ro.hwui.use_vulkan]: []
[ro.iorapd.enable]: [false]
[ro.kernel.qemu.gles]: [0]
[ro.kernel.version]: [5.4]
[ro.launcher.blur.appLaunch]: [0]
[ro.logd.size.stats]: [64K]
[ro.media.recorder-max-base-layer-fps]: [60]
[ro.media.xml_variant.codecs]: [_blair]
[ro.media.xml_variant.codecs_performance]: [_blair]
[ro.netflix.bsp_rev]: [Q4350-32962-1]
[ro.netflix.channel]: [5687eaa0-047a-11e9-b731-9f73876061f5]
[ro.netflix.signup]: [1]
[ro.nfc.port]: [I2C]
[ro.odm.build.date]: [Thu Dec  7 23:29:08 CST 2023]
[ro.odm.build.date.utc]: [1701962948]
[ro.odm.build.fingerprint]: [OnePlus/CPH2513/OP5958L1:14/RKQ1.211119.001/T.R4T1.150e109-1-3:user/release-keys]
[ro.odm.build.version.incremental]: [T.R4T1.150e109-1-3]
[ro.oem.key1]: [US]
[ro.opa.device_model_id]: [ga-oplus-skill-os121-211011]
[ro.opa.eligible_device]: [true]
[ro.opengles.version]: [196610]
[ro.oplus.audio.detection.support]: [1]
[ro.oplus.audio.effect.type]: [audiox]
[ro.oplus.camera.portrait.center.switch]: [oplus.switch.portrait.center]
[ro.oplus.camera.portrait_center.prefix]: [oplus.portrait.center.]
[ro.oplus.camera.speechassist]: [true]
[ro.oplus.camera.video.beauty.switch]: [oplus.switch.video.beauty]
[ro.oplus.camera.video_beauty.prefix]: [oplus.video.beauty.]
[ro.oplus.components.list]: [base,my_product,my_heytap,my_stock,my_region,my_carrier,my_bigball,my_manifest]
[ro.oplus.connectivity.oversea]: [true]
[ro.oplus.customize.display.version_name]: [X00US00]
[ro.oplus.display.rc.size]: [95,95,95,95]
[ro.oplus.display.screenSizeInches.primary]: [6.72]
[ro.oplus.display.screenhole.positon]: [511,33:569,91]
[ro.oplus.ffmpeg.enable]: [true]
[ro.oplus.fusionlight]: [true]
[ro.oplus.image.base.version]: [00.4.00114003.2023120722273922078413.84a87fc3]
[ro.oplus.image.my_bigball.date]: [2023-11-24 23:44:46]
[ro.oplus.image.my_bigball.date.utc]: [1700840686]
[ro.oplus.image.my_bigball.type]: [export_22872_OnePlus_US_NA]
[ro.oplus.image.my_bigball.version]: [22872_1400_U.0.0.2023112423405521801612.62b91e0e]
[ro.oplus.image.my_bigball.version_name]: [my_bigball22872_1400_U.0.0]
[ro.oplus.image.my_carrier.type]: [empty]
[ro.oplus.image.my_carrier.version]: [version_stub.56e5f7e1]
[ro.oplus.image.my_company.type]: [empty]
[ro.oplus.image.my_company.version]: [version_stub.a5690990]
[ro.oplus.image.my_engineering.date]: [2023-12-07 23:51:29]
[ro.oplus.image.my_engineering.date.utc]: [1701964289]
[ro.oplus.image.my_engineering.type]: [release]
[ro.oplus.image.my_engineering.version]: [version_stub.b8fa062a]
[ro.oplus.image.my_heytap.date]: [2023-11-14 10:46:50]
[ro.oplus.image.my_heytap.date.utc]: [1699930010]
[ro.oplus.image.my_heytap.type]: [export]
[ro.oplus.image.my_heytap.version]: [0.1.1.1.2023111410432521571896.22863c67]
[ro.oplus.image.my_manifest.version]: [CPH2513_11.C.36_1360_202312080058.A1.827c4b93]
[ro.oplus.image.my_preload.date]: [2023-06-19 04:47:25]
[ro.oplus.image.my_preload.date.utc]: [1687121245]
[ro.oplus.image.my_preload.type]: [export_22872_OnePlus_US_NA]
[ro.oplus.image.my_preload.version]: [0.0.1.2023061904110518203109.e50df347]
[ro.oplus.image.my_preload.version_name]: [my_preload_export_US_1664346551]
[ro.oplus.image.my_product.date]: [2023-12-07 23:32:29]
[ro.oplus.image.my_product.date.utc]: [1701963149]
[ro.oplus.image.my_product.type]: [22872]
[ro.oplus.image.my_product.version]: [22872_1400_U.1.0.2023120723224222078578.d794ede5]
[ro.oplus.image.my_region.date]: [2023-10-30 23:03:58]
[ro.oplus.image.my_region.date.utc]: [1698678238]
[ro.oplus.image.my_region.type]: [US_all]
[ro.oplus.image.my_region.version]: [14.0.02341.2023103023000721223261.d9de2920]
[ro.oplus.image.my_region.version_name]: [X00US00]
[ro.oplus.image.my_stock.date]: [2023-12-07 22:47:27]
[ro.oplus.image.my_stock.date.utc]: [1701960447]
[ro.oplus.image.my_stock.type]: [export_OnePlus]
[ro.oplus.image.my_stock.version]: [2.6.4.44.2023120722375922078432.26b8412e]
[ro.oplus.image.odm.type]: [22872]
[ro.oplus.image.odm.version]: [version_stub.f7d9659f]
[ro.oplus.image.product.version]: [.75a80cc0]
[ro.oplus.image.system.version]: [.6da644d3]
[ro.oplus.image.system_ext.area]: [gdpr]
[ro.oplus.image.system_ext.brand]: [oneplus]
[ro.oplus.image.system_ext.date]: [2023-12-07 23:18:32]
[ro.oplus.image.system_ext.date.utc]: [1701962312]
[ro.oplus.image.system_ext.device_type]: [phone]
[ro.oplus.image.system_ext.version]: [.bf2608e6]
[ro.oplus.lcd.display.screen.underlightsensor.region]: [769,26,813,68]
[ro.oplus.media.ovfr]: [true]
[ro.oplus.minidump.kernel.log.support]: [true]
[ro.oplus.my_manifest.uuid]: [e5eaf86e-e200-4545-acad-522e7acc8fb2]
[ro.oplus.nfc.current.support]: [true]
[ro.oplus.normal_boot_mode]: [true]
[ro.oplus.pipeline.region]: [US]
[ro.oplus.pipeline_key]: [US]
[ro.oplus.rsa]: [rsa4-tier1]
[ro.oplus.screenhole.border]: [11]
[ro.oplus.server_url_1]: [https://fourier-newds01-us.allawnos.com/autotime/dateandtime.xml?number=]
[ro.oplus.server_url_2]: [https://fourier-newds02-us.allawnos.com/autotime/dateandtime.xml?number=]
[ro.oplus.softap.switch.log.support]: [true]
[ro.oplus.system.camera.flashlight]: [com.oplus.motor.flashlight]
[ro.oplus.system.camera.name]: [com.oplus.camera]
[ro.oplus.theme.version]: [14000]
[ro.oplus.version.base]: [00.4.00114003.2023120722273922078413.84a87fc3]
[ro.oplus.version.my_bigball]: [22872_1400_U.0.0.2023112423405521801612.62b91e0e]
[ro.oplus.version.my_carrier]: [version_stub.56e5f7e1]
[ro.oplus.version.my_company]: [version_stub.a5690990]
[ro.oplus.version.my_heytap]: [0.1.1.1.2023111410432521571896.22863c67]
[ro.oplus.version.my_manifest]: [CPH2513_11.C.36_1360_202312080058.A1.827c4b93]
[ro.oplus.version.my_preload]: [0.0.1.2023103103013821227590.d343888c]
[ro.oplus.version.my_product]: [22872_1400_U.1.0.2023120723224222078578.d794ede5]
[ro.oplus.version.my_region]: [14.0.02341.2023103023000721223261.d9de2920]
[ro.oplus.version.my_stock]: [2.6.4.44.2023120722375922078432.26b8412e]
[ro.oplus.wifi.smartant_band]: [2]
[ro.oplus.wifi.wsa]: [o]
[ro.oppo.ad_test_sys]: [1]
[ro.organization_owned]: [false]
[ro.postinstall.fstab.prefix]: [/system]
[ro.preinstall.path]: [/data/etc/appchannel]
[ro.product.ab_ota_partitions]: [abl,bluetooth,boot,core_nhlos,devcfg,dsp,dtbo,engineering_cdt,featenabler,hyp,imagefv,keymaster,modem,my_bigball,my_carrier,my_company,my_engineering,my_heytap,my_manifest,my_preload,my_product,my_region,my_stock,odm,oplus_sec,oplusstanvbk,product,qupfw,rpm,splash,system,system_ext,tz,uefisecapp,vbmeta,vbmeta_system,vbmeta_vendor,vendor,vendor_boot,xbl,xbl_config]
[ro.product.authentication]: [0]
[ro.product.board]: [holi]
[ro.product.bootimage.brand]: [OnePlus]
[ro.product.bootimage.device]: [OP5958L1]
[ro.product.bootimage.manufacturer]: [OnePlus]
[ro.product.bootimage.model]: [CPH2513]
[ro.product.bootimage.name]: [CPH2513]
[ro.product.bootreg.disable.command]: [true]
[ro.product.brand]: [OnePlus]
[ro.product.build.date]: [Thu Dec  7 22:39:33 CST 2023]
[ro.product.build.date.utc]: [1701959973]
[ro.product.build.fingerprint]: [oplus/ossi/ossi:14/UKQ1.230924.001/1701959973846:user/release-keys]
[ro.product.build.id]: [UKQ1.230924.001]
[ro.product.build.tags]: [release-keys]
[ro.product.build.type]: [user]
[ro.product.build.version.incremental]: [1701959973846]
[ro.product.build.version.release]: [14]
[ro.product.build.version.release_or_codename]: [14]
[ro.product.build.version.sdk]: [34]
[ro.product.cpu.abi]: [arm64-v8a]
[ro.product.cpu.abilist]: [arm64-v8a,armeabi-v7a,armeabi]
[ro.product.cpu.abilist32]: [armeabi-v7a,armeabi]
[ro.product.cpu.abilist64]: [arm64-v8a]
[ro.product.cpu.pagesize.max]: [4096]
[ro.product.device]: [OP5958L1]
[ro.product.first_api_level]: [33]
[ro.product.locale]: [en-US]
[ro.product.manufacturer]: [OnePlus]
[ro.product.model]: [CPH2513]
[ro.product.name]: [CPH2513]
[ro.product.odm.brand]: [OnePlus]
[ro.product.odm.device]: [OP5958L1]
[ro.product.odm.manufacturer]: [OnePlus]
[ro.product.odm.model]: [CPH2513]
[ro.product.odm.name]: [CPH2513]
[ro.product.oem_dm]: [1]
[ro.product.oplus.wlan.ko]: [/vendor/lib/modules/qca_cld3_wlan.ko]
[ro.product.product.brand]: [oplus]
[ro.product.product.device]: [ossi]
[ro.product.product.manufacturer]: [oplus]
[ro.product.product.model]: [ossi]
[ro.product.product.name]: [ossi]
[ro.product.property_source_order]: [odm,vendor,product,system_ext,system]
[ro.product.supported_versions]: [22872]
[ro.product.system.brand]: [oplus]
[ro.product.system.device]: [ossi]
[ro.product.system.manufacturer]: [oplus]
[ro.product.system.model]: [ossi]
[ro.product.system.name]: [ossi]
[ro.product.system_ext.brand]: [oplus]
[ro.product.system_ext.device]: [ossi]
[ro.product.system_ext.manufacturer]: [oplus]
[ro.product.system_ext.model]: [ossi]
[ro.product.system_ext.name]: [ossi]
[ro.product.vendor.brand]: [OnePlus]
[ro.product.vendor.device]: [OP5958L1]
[ro.product.vendor.manufacturer]: [OnePlus]
[ro.product.vendor.model]: [CPH2513]
[ro.product.vendor.name]: [CPH2513]
[ro.product.vndk.version]: [34]
[ro.property_service.version]: [2]
[ro.revision]: [0]
[ro.rom.featrue]: [allnet]
[ro.runtime.agingbootcheck]: [1]
[ro.secure]: [1]
[ro.separate.soft]: [22872]
[ro.serialno]: [xxxxxxxx]
[ro.setupwizard.rotation_locked]: [true]
[ro.sf.lcd_density]: [480]
[ro.soc.manufacturer]: [QTI]
[ro.soc.model]: [SM6375]
[ro.support_one_handed_mode]: [true]
[ro.surface_flinger.force_hwc_copy_for_virtual_displays]: [true]
[ro.surface_flinger.has_HDR_display]: [true]
[ro.surface_flinger.has_wide_color_display]: [true]
[ro.surface_flinger.max_frame_buffer_acquired_buffers]: [3]
[ro.surface_flinger.max_virtual_display_dimension]: [4096]
[ro.surface_flinger.protected_contents]: [true]
[ro.surface_flinger.set_touch_timer_ms]: [200]
[ro.surface_flinger.use_color_management]: [true]
[ro.surface_flinger.use_content_detection_for_refresh_rate]: [false]
[ro.surface_flinger.wcg_composition_dataspace]: [143261696]
[ro.sys.reserve.integrate]: [true]
[ro.system.build.date]: [Thu Dec  7 22:39:33 CST 2023]
[ro.system.build.date.utc]: [1701959973]
[ro.system.build.fingerprint]: [oplus/ossi/ossi:14/UKQ1.230924.001/1701959973846:user/release-keys]
[ro.system.build.id]: [UKQ1.230924.001]
[ro.system.build.tags]: [release-keys]
[ro.system.build.type]: [user]
[ro.system.build.version.incremental]: [1701959973846]
[ro.system.build.version.release]: [14]
[ro.system.build.version.release_or_codename]: [14]
[ro.system.build.version.sdk]: [34]
[ro.system.product.cpu.abilist]: [arm64-v8a,armeabi-v7a,armeabi]
[ro.system.product.cpu.abilist32]: [armeabi-v7a,armeabi]
[ro.system.product.cpu.abilist64]: [arm64-v8a]
[ro.system_ext.build.date]: [Thu Dec  7 22:39:33 CST 2023]
[ro.system_ext.build.date.utc]: [1701959973]
[ro.system_ext.build.fingerprint]: [oplus/ossi/ossi:14/UKQ1.230924.001/1701959973846:user/release-keys]
[ro.system_ext.build.id]: [UKQ1.230924.001]
[ro.system_ext.build.tags]: [release-keys]
[ro.system_ext.build.type]: [user]
[ro.system_ext.build.version.incremental]: [1701959973846]
[ro.system_ext.build.version.release]: [14]
[ro.system_ext.build.version.release_or_codename]: [14]
[ro.system_ext.build.version.sdk]: [34]
[ro.telephony.call_ring.multiple]: [false]
[ro.telephony.default_network]: [26,22]
[ro.telephony.sim_slots.count]: [2]
[ro.trackingId.com.arise.appid]: [/data/etc/appchannel/ariseChannel.txt]
[ro.trackingId.com.lzd.appid]: [/data/etc/appchannel/lazadaChannel.txt]
[ro.treble.enabled]: [true]
[ro.vendor.api_level]: [30]
[ro.vendor.build.date]: [Thu Dec  7 23:29:08 CST 2023]
[ro.vendor.build.date.utc]: [1701962948]
[ro.vendor.build.fingerprint]: [OnePlus/CPH2513/OP5958L1:14/RKQ1.211119.001/T.R4T1.150e109-1-3:user/release-keys]
[ro.vendor.build.id]: [RKQ1.211119.001]
[ro.vendor.build.security_patch]: [2023-12-05]
[ro.vendor.build.tags]: [release-keys]
[ro.vendor.build.type]: [user]
[ro.vendor.build.version.incremental]: [T.R4T1.150e109-1-3]
[ro.vendor.build.version.release]: [12]
[ro.vendor.build.version.release_or_codename]: [12]
[ro.vendor.build.version.sdk]: [30]
[ro.vendor.config.oplus.uniform_single_sim]: [2]
[ro.vendor.display.svi]: [1]
[ro.vendor.oplus.camera.backCamSize]: [108MP+2MP+2MP]
[ro.vendor.oplus.camera.frontCamSize]: [16MP]
[ro.vendor.oplus.market.name]: [OnePlus Nord N30 5G]
[ro.vendor.oplus.mdmfeature]: [true]
[ro.vendor.oplus.radio.multisim.config]: [dsds]
[ro.vendor.oplus.regionmark]: [US]
[ro.vendor.oplus.version]: [pu]
[ro.vendor.oplus.wifi.bdfver]: [3b83a0e33f755f66198c08a5ad0ef952  /mnt/vendor/persist/bdwlan.bin]
[ro.vendor.perf.scroll_opt]: [1]
[ro.vendor.product.cpu.abilist]: [arm64-v8a,armeabi-v7a,armeabi]
[ro.vendor.product.cpu.abilist32]: [armeabi-v7a,armeabi]
[ro.vendor.product.cpu.abilist64]: [arm64-v8a]
[ro.vendor.qti.va_aosp.support]: [1]
[ro.vendor.qti.va_odm.support]: [1]
[ro.version.confidential]: [false]
[ro.virtual_ab.enabled]: [true]
[ro.vndk.version]: [30]
[ro.wifi.channels]: []
[ro.xxversion]: [V0.5]
[ro.zygote]: [zygote64_32]
[security.oplus.lower_kptr_restrict]: [0]
[security.perf_harden]: [1]
[selinux.restorecon_recursive]: [/data/misc_ce/0]
[service.bootanim.exit]: [1]
[service.bootanim.progress]: [0]
[service.sf.present_timestamp]: [1]
[servicemanager.ready]: [true]
[setupwizard.feature.baseline_setupwizard_enabled]: [true]
[setupwizard.theme]: [glif_v3_light]
[sys.boot.reason]: [reboot,factory_reset]
[sys.boot.reason.last]: [cold]
[sys.boot_completed]: [1]
[sys.bootprotector.firstboottime]: [1499642911]
[sys.bootstat.first_boot_completed]: [1]
[sys.cache.has_feature_memory]: [6744817758933947126]
[sys.cache.has_feature_persist]: [6744817758933947127]
[sys.cache.has_feature_readonly]: [6744817758933947128]
[sys.cota.bind.load.properties]: [boot_mount_bind_complete]
[sys.cota.module.base.mount.point]: [/mnt/cota]
[sys.enable.hypnus]: [1]
[sys.fuse.transcode_enabled]: [true]
[sys.fw_boot]: [progress_done]
[sys.hans.enable]: [true]
[sys.init.perf_lsm_hooks]: [1]
[sys.input.resample.latency]: [2]
[sys.internal.screen_brightness_talkback_max]: [255]
[sys.internal.screen_brightness_talkback_min]: [4]
[sys.iopgp.enable]: [true]
[sys.mtk.conndbg]: [1]
[sys.oem_unlock_allowed]: [1]
[sys.olc.common.log.path]: [/data/persist_log/olc/exception_log/]
[sys.olc.service.on]: [true]
[sys.oplus.audio.systemready]: [1]
[sys.oplus.boot_completed]: [1]
[sys.oplus.bt.count_cache_hcilog]: [0]
[sys.oplus.bt.cp_gatt_db]: [0]
[sys.oplus.bt.virtual.call.started]: [false]
[sys.oplus.cross.upgrade]: [0]
[sys.oplus.dalvik_sync_config]: [80,90,60000,30000,6]
[sys.oplus.display.uimode]: [17]
[sys.oplus.logkit.anrlog]: []
[sys.oplus.logkit.appslog]: []
[sys.oplus.logkit.assertlog]: []
[sys.oplus.logkit.fingerprintlog]: []
[sys.oplus.logkit.kernellog]: []
[sys.oplus.logkit.netlog]: []
[sys.oplus.logkit.tombstonelog]: []
[sys.oplus.multibrightness]: [3276]
[sys.oplus.multibrightness.min]: [13]
[sys.oplus.nandswap.init]: [true]
[sys.oplus.ood.midasd.diag]: [false]
[sys.oplus.ood.onetrace.diag]: [false]
[sys.oplus.ood.perfetto]: [false]
[sys.oplus.perfetto.enable]: [false]
[sys.oplus.phoenix.handle_error]: [ERROR_LAST_BOOT_COMPLETED_FAIL]
[sys.oplus.phoenix.kernel_nobootcount]: [39]
[sys.oplus.phoenix.prepare_log]: [boot_success]
[sys.oplus.production.login.mode]: []
[sys.oplus.production.wifi.ota]: [false]
[sys.oplus.respreload.version]: [2.00]
[sys.oplus.respreload.vipsdk.enabled]: [true]
[sys.oplus.roundcorners]: []
[sys.oplus.shutdown.prepare_log]: [boot_success]
[sys.oplus.sqlctrl]: [3]
[sys.oplus.wifi.dump.enable]: [1]
[sys.oplus.wifi.dump.needupload]: [1]
[sys.oplus.wifi.switch.bdfLoadSuccess]: [true]
[sys.oplus.wifi.switch.regdbLoadSuccess]: [true]
[sys.oplus_boot_mode]: [normal]
[sys.oplus_ftm_mode]: [0]
[sys.opluspcm.enable]: [true]
[sys.opluspm.enable]: [false]
[sys.oppo.fsReserveOff]: [0]
[sys.oppo.nw.optimize]: [1]
[sys.override.simswitch.property]: [updateDataCommonProp]
[sys.power_off_alarm]: [0]
[sys.pxlw.iris.support]: [0]
[sys.qca1530]: [detect]
[sys.rescue_boot_count]: [1]
[sys.sysctl.extra_free_kbytes]: [63787]
[sys.system_server.start_count]: [1]
[sys.system_server.start_elapsed]: [12549]
[sys.system_server.start_uptime]: [12549]
[sys.theia.event_enable_mask]: [36]
[sys.theia.panic_enable_mask]: [false]
[sys.thermal.enable]: [false]
[sys.usap.enable]: [true]
[sys.usb.config]: [mtp,adb]
[sys.usb.configfs]: [1]
[sys.usb.controller]: [4e00000.dwc3]
[sys.usb.mtp.batchcancel]: [1]
[sys.usb.mtp.device_type]: [3]
[sys.usb.state]: [mtp,adb]
[sys.use_memfd]: [false]
[sys.user.0.ce_available]: [true]
[sys.vendor.shutdown.waittime]: [500]
[sys.wifitracing.started]: [1]
[tango.debug]: [off]
[telephony.active_modems.max_count]: [2]
[telephony.lteOnCdmaDevice]: [1]
[tunnel.audio.encode]: [true]
[use.voice.path.for.pcm.voip]: [true]
[vendor.dps.dump.composerpid]: [1099]
[vendor.gralloc.disable_ubwc]: [0]
[vendor.gralloc.secure_preview_buffer_format]: [420_sp]
[vendor.gralloc.secure_preview_only]: [1]
[vendor.media.vpp.osie.internal.enable]: [1]
[vendor.media.vpp.osie.internal.version]: [osie2.0]
[vendor.media.vpp.sr.internal.enable]: [1]
[vendor.oplus.wifi.switch.bdfLoadSuccess]: [true]
[vendor.oplus.wifi.switch.regdbLoadSuccess]: [true]
[vendor.vidc.debug.level]: [1]
[vendor.vold.serialno]: [00000000]
[vold.checkpoint_committed]: [1]
[vold.fbe.decrypted]: [1]
[vold.has_adoptable]: [0]
[vold.has_compress]: [0]
[vold.has_quota]: [1]
[vold.has_reserved]: [1]
[vold.storage.prepared]: [1]
