 
(bootloader) cpu-abi:arm64-v8a
(bootloader) snapshot-update-status:none
(bootloader) super-partition-name:super
(bootloader) is-logical:ssd:no
(bootloader) is-logical:splash_odm:no
(bootloader) is-logical:xbl_config_b:no
(bootloader) is-logical:imagefv_a:no
(bootloader) is-logical:rawdump:no
(bootloader) is-logical:bluetooth_b:no
(bootloader) is-logical:apdp:no
(bootloader) is-logical:catefv:no
(bootloader) is-logical:vendor_boot_b:no
(bootloader) is-logical:keymaster_a:no
(bootloader) is-logical:dtbo_a:no
(bootloader) is-logical:vbmeta_system_a:no
(bootloader) is-logical:vbmeta_system_b:no
(bootloader) is-logical:devinfo:no
(bootloader) is-logical:sda:no
(bootloader) is-logical:modem_b:no
(bootloader) is-logical:dtbo_b:no
(bootloader) is-logical:secdata:no
(bootloader) is-logical:persist:no
(bootloader) is-logical:sdc:no
(bootloader) is-logical:uefivarstore:no
(bootloader) is-logical:abl_a:no
(bootloader) is-logical:core_nhlos_b:no
(bootloader) is-logical:featenabler_b:no
(bootloader) is-logical:modemdump:no
(bootloader) is-logical:multiimgoem_b:no
(bootloader) is-logical:dsp_a:no
(bootloader) is-logical:bluetooth_a:no
(bootloader) is-logical:oplus_sec_a:no
(bootloader) is-logical:storsec:no
(bootloader) is-logical:misc:no
(bootloader) is-logical:devcfg_a:no
(bootloader) is-logical:logdump:no
(bootloader) is-logical:userdata:no
(bootloader) is-logical:hyp_b:no
(bootloader) is-logical:uefisecapp_b:no
(bootloader) is-logical:vbmeta_b:no
(bootloader) is-logical:qupfw_b:no
(bootloader) is-logical:tz_b:no
(bootloader) is-logical:imagefv_b:no
(bootloader) is-logical:tz_a:no
(bootloader) is-logical:splash_a:no
(bootloader) is-logical:featenabler_a:no
(bootloader) is-logical:vendor_boot_a:no
(bootloader) is-logical:sde:no
(bootloader) is-logical:frp:no
(bootloader) is-logical:xbl_a:no
(bootloader) is-logical:keystore:no
(bootloader) is-logical:modem_a:no
(bootloader) is-logical:cateloader:no
(bootloader) is-logical:keymaster_b:no
(bootloader) is-logical:xbl_config_a:no
(bootloader) is-logical:boot_b:no
(bootloader) is-logical:qupfw_a:no
(bootloader) is-logical:hyp_a:no
(bootloader) is-logical:engineering_cdt_a:no
(bootloader) is-logical:logfs:no
(bootloader) is-logical:vm-data:no
(bootloader) is-logical:oplus_sec_b:no
(bootloader) is-logical:cdt:no
(bootloader) is-logical:vbmeta_a:no
(bootloader) is-logical:dinfo:no
(bootloader) is-logical:sdb:no
(bootloader) is-logical:sdd:no
(bootloader) is-logical:ALIGN_TO_128K_1:no
(bootloader) is-logical:vbmeta_vendor_a:no
(bootloader) is-logical:vm-system_a:no
(bootloader) is-logical:oplusstanvbk_b:no
(bootloader) is-logical:modemst1:no
(bootloader) is-logical:toolsfv:no
(bootloader) is-logical:mdm1m9kefs2:no
(bootloader) is-logical:ddr:no
(bootloader) is-logical:vm-keystore:no
(bootloader) is-logical:rpm_a:no
(bootloader) is-logical:apdp_full:no
(bootloader) is-logical:catecontentfv:no
(bootloader) is-logical:boot_a:no
(bootloader) is-logical:last_parti:no
(bootloader) is-logical:oplusreserve4:no
(bootloader) is-logical:fsg:no
(bootloader) is-logical:ALIGN_TO_128K_2:no
(bootloader) is-logical:DRIVER:no
(bootloader) is-logical:mdm1oemnvbktmp:no
(bootloader) is-logical:vm-system_b:no
(bootloader) is-logical:vbmeta_vendor_b:no
(bootloader) is-logical:xbl_b:no
(bootloader) is-logical:uefisecapp_a:no
(bootloader) is-logical:dsp_b:no
(bootloader) is-logical:devcfg_b:no
(bootloader) is-logical:oplusstanvbk_a:no
(bootloader) is-logical:mdm1m9kefs1:no
(bootloader) is-logical:modemst2:no
(bootloader) is-logical:core_nhlos_a:no
(bootloader) is-logical:oplusreserve5:no
(bootloader) is-logical:abl_b:no
(bootloader) is-logical:oplusreserve3:no
(bootloader) is-logical:mdm1m9kefsc:no
(bootloader) is-logical:splash_b:no
(bootloader) is-logical:rpm_b:no
(bootloader) is-logical:multiimgoem_a:no
(bootloader) is-logical:ocdt:no
(bootloader) is-logical:mdm1m9kefs3:no
(bootloader) is-logical:sdf:no
(bootloader) is-logical:fsc:no
(bootloader) is-logical:engineering_cdt_b:no
(bootloader) is-logical:oplusdycnvbk:no
(bootloader) is-logical:oplusreserve1:no
(bootloader) is-logical:super:no
(bootloader) is-logical:metadata:no
(bootloader) is-logical:oplusreserve2:no
(bootloader) is-logical:system_b:yes
(bootloader) is-logical:system_ext_b:yes
(bootloader) is-logical:vendor_b:yes
(bootloader) is-logical:my_product_b:yes
(bootloader) is-logical:odm_b:yes
(bootloader) is-logical:my_engineering_b:yes
(bootloader) is-logical:my_stock_b:yes
(bootloader) is-logical:my_heytap_b:yes
(bootloader) is-logical:my_carrier_b:yes
(bootloader) is-logical:my_region_b:yes
(bootloader) is-logical:my_company_b:yes
(bootloader) is-logical:my_preload_b:yes
(bootloader) is-logical:my_bigball_b:yes
(bootloader) is-logical:my_manifest_b:yes
(bootloader) is-logical:system_b-cow:yes
(bootloader) is-logical:system_ext_b-cow:yes
(bootloader) is-logical:vendor_b-cow:yes
(bootloader) is-logical:product_b-cow:yes
(bootloader) is-logical:my_product_b-cow:yes
(bootloader) is-logical:odm_b-cow:yes
(bootloader) is-logical:my_engineering_b-cow:yes
(bootloader) is-logical:my_stock_b-cow:yes
(bootloader) is-logical:my_heytap_b-cow:yes
(bootloader) is-logical:product_b:yes
(bootloader) battery-soc-ok:yes
(bootloader) battery-voltage:4296
(bootloader) off-mode-charge:0
(bootloader) treble-enabled:true
(bootloader) is-userspace:yes
(bootloader) partition-size:ssd:0x2000
(bootloader) partition-size:splash_odm:0x20A4000
(bootloader) partition-size:xbl_config_b:0x80000
(bootloader) partition-size:imagefv_a:0x200000
(bootloader) partition-size:rawdump:0x8000000
(bootloader) partition-size:bluetooth_b:0x400000
(bootloader) partition-size:apdp:0x40000
(bootloader) partition-size:catefv:0x80000
(bootloader) partition-size:vendor_boot_b:0xA000000
(bootloader) partition-size:keymaster_a:0x80000
(bootloader) partition-size:dtbo_a:0x1800000
(bootloader) partition-size:vbmeta_system_a:0x10000
(bootloader) partition-size:vbmeta_system_b:0x10000
(bootloader) partition-size:devinfo:0x1000
(bootloader) partition-size:modem_b:0xB400000
(bootloader) partition-size:dtbo_b:0x1800000
(bootloader) partition-size:secdata:0x7000
(bootloader) partition-size:sdc:0x800000
(bootloader) partition-size:uefivarstore:0x80000
(bootloader) partition-size:abl_a:0x100000
(bootloader) partition-size:core_nhlos_b:0xAA00000
(bootloader) partition-size:featenabler_b:0x20000
(bootloader) partition-size:modemdump:0x12C00000
(bootloader) partition-size:multiimgoem_b:0x8000
(bootloader) partition-size:dsp_a:0x2000000
(bootloader) partition-size:bluetooth_a:0x400000
(bootloader) partition-size:oplus_sec_a:0xA00000
(bootloader) partition-size:storsec:0x20000
(bootloader) partition-size:misc:0x100000
(bootloader) partition-size:devcfg_a:0x20000
(bootloader) partition-size:logdump:0x4000000
(bootloader) partition-size:userdata:0x1A0C10F000
(bootloader) partition-size:hyp_b:0x80000
(bootloader) partition-size:uefisecapp_b:0x200000
(bootloader) partition-size:vbmeta_b:0x10000
(bootloader) partition-size:qupfw_b:0x10000
(bootloader) partition-size:tz_b:0x400000
(bootloader) partition-size:imagefv_b:0x200000
(bootloader) partition-size:tz_a:0x400000
(bootloader) partition-size:splash_a:0x20A4000
(bootloader) partition-size:featenabler_a:0x20000
(bootloader) partition-size:vendor_boot_a:0xA000000
(bootloader) partition-size:sde:0x7B800000
(bootloader) partition-size:frp:0x80000
(bootloader) partition-size:xbl_a:0x600000
(bootloader) partition-size:keystore:0x80000
(bootloader) partition-size:modem_a:0xB400000
(bootloader) partition-size:cateloader:0x200000
(bootloader) partition-size:keymaster_b:0x80000
(bootloader) partition-size:xbl_config_a:0x80000
(bootloader) partition-size:boot_b:0xA000000
(bootloader) partition-size:qupfw_a:0x10000
(bootloader) partition-size:hyp_a:0x80000
(bootloader) partition-size:engineering_cdt_a:0x100000
(bootloader) partition-size:logfs:0x800000
(bootloader) partition-size:vm-data:0x400000
(bootloader) partition-size:oplus_sec_b:0xA00000
(bootloader) partition-size:cdt:0x20000
(bootloader) partition-size:vbmeta_a:0x10000
(bootloader) partition-size:dinfo:0x4000
(bootloader) partition-size:sdb:0x800000
(bootloader) partition-size:sdd:0x2000000
(bootloader) partition-size:ALIGN_TO_128K_1:0x1A000
(bootloader) partition-size:vbmeta_vendor_a:0x10000
(bootloader) partition-size:vm-system_a:0x8000000
(bootloader) partition-size:oplusstanvbk_b:0x1400000
(bootloader) partition-size:modemst1:0x300000
(bootloader) partition-size:toolsfv:0x100000
(bootloader) partition-size:mdm1m9kefs2:0x200000
(bootloader) partition-size:ddr:0x100000
(bootloader) partition-size:vm-keystore:0x20000
(bootloader) partition-size:rpm_a:0x80000
(bootloader) partition-size:apdp_full:0x40000
(bootloader) partition-size:catecontentfv:0x100000
(bootloader) partition-size:boot_a:0xA000000
(bootloader) partition-size:last_parti:0x16BA000
(bootloader) partition-size:oplusreserve4:0x2000000
(bootloader) partition-size:fsg:0x300000
(bootloader) partition-size:ALIGN_TO_128K_2:0x1A000
(bootloader) partition-size:DRIVER:0x2000000
(bootloader) partition-size:mdm1oemnvbktmp:0x200000
(bootloader) partition-size:vm-system_b:0x8000000
(bootloader) partition-size:vbmeta_vendor_b:0x10000
(bootloader) partition-size:xbl_b:0x600000
(bootloader) partition-size:uefisecapp_a:0x200000
(bootloader) partition-size:dsp_b:0x2000000
(bootloader) partition-size:devcfg_b:0x20000
(bootloader) partition-size:oplusstanvbk_a:0x1400000
(bootloader) partition-size:mdm1m9kefs1:0x200000
(bootloader) partition-size:modemst2:0x300000
(bootloader) partition-size:core_nhlos_a:0xAA00000
(bootloader) partition-size:oplusreserve5:0x4000000
(bootloader) partition-size:abl_b:0x100000
(bootloader) partition-size:oplusreserve3:0x4000000
(bootloader) partition-size:mdm1m9kefsc:0x1000
(bootloader) partition-size:splash_b:0x20A4000
(bootloader) partition-size:rpm_b:0x80000
(bootloader) partition-size:multiimgoem_a:0x8000
(bootloader) partition-size:ocdt:0x20000
(bootloader) partition-size:mdm1m9kefs3:0x200000
(bootloader) partition-size:fsc:0x20000
(bootloader) partition-size:engineering_cdt_b:0x100000
(bootloader) partition-size:oplusdycnvbk:0x1400000
(bootloader) partition-size:oplusreserve1:0x800000
(bootloader) partition-size:metadata:0x1000000
(bootloader) partition-size:system_b:0x2F06F000
(bootloader) partition-size:system_ext_b:0x429A4000
(bootloader) partition-size:vendor_b:0x211D1000
(bootloader) partition-size:my_product_b:0x13369000
(bootloader) partition-size:odm_b:0x40CC8000
(bootloader) partition-size:my_engineering_b:0x52000
(bootloader) partition-size:my_stock_b:0x47E70000
(bootloader) partition-size:my_heytap_b:0x37FFB000
(bootloader) partition-size:my_carrier_b:0x52000
(bootloader) partition-size:my_region_b:0xB1000
(bootloader) partition-size:my_company_b:0x52000
(bootloader) partition-size:my_preload_b:0x261000
(bootloader) partition-size:my_bigball_b:0x4463B000
(bootloader) partition-size:my_manifest_b:0x5A000
(bootloader) partition-size:system_b-cow:0x0
(bootloader) partition-size:system_ext_b-cow:0x0
(bootloader) partition-size:vendor_b-cow:0x0
(bootloader) partition-size:product_b-cow:0x0
(bootloader) partition-size:my_product_b-cow:0x0
(bootloader) partition-size:odm_b-cow:0x0
(bootloader) partition-size:my_engineering_b-cow:0x54000
(bootloader) partition-size:my_stock_b-cow:0x0
(bootloader) partition-size:my_heytap_b-cow:0x0
(bootloader) partition-size:product_b:0x536000
(bootloader) version-vndk:30
(bootloader) partition-type:ssd:raw
(bootloader) partition-type:splash_odm:raw
(bootloader) partition-type:xbl_config_b:raw
(bootloader) partition-type:imagefv_a:raw
(bootloader) partition-type:rawdump:raw
(bootloader) partition-type:bluetooth_b:raw
(bootloader) partition-type:apdp:raw
(bootloader) partition-type:catefv:raw
(bootloader) partition-type:vendor_boot_b:raw
(bootloader) partition-type:keymaster_a:raw
(bootloader) partition-type:dtbo_a:raw
(bootloader) partition-type:vbmeta_system_a:raw
(bootloader) partition-type:vbmeta_system_b:raw
(bootloader) partition-type:devinfo:raw
(bootloader) partition-type:sda:raw
(bootloader) partition-type:modem_b:raw
(bootloader) partition-type:dtbo_b:raw
(bootloader) partition-type:secdata:raw
(bootloader) partition-type:persist:raw
(bootloader) partition-type:sdc:raw
(bootloader) partition-type:uefivarstore:raw
(bootloader) partition-type:abl_a:raw
(bootloader) partition-type:core_nhlos_b:raw
(bootloader) partition-type:featenabler_b:raw
(bootloader) partition-type:modemdump:raw
(bootloader) partition-type:multiimgoem_b:raw
(bootloader) partition-type:dsp_a:raw
(bootloader) partition-type:bluetooth_a:raw
(bootloader) partition-type:oplus_sec_a:raw
(bootloader) partition-type:storsec:raw
(bootloader) partition-type:misc:raw
(bootloader) partition-type:devcfg_a:raw
(bootloader) partition-type:logdump:raw
(bootloader) partition-type:userdata:raw
(bootloader) partition-type:hyp_b:raw
(bootloader) partition-type:uefisecapp_b:raw
(bootloader) partition-type:vbmeta_b:raw
(bootloader) partition-type:qupfw_b:raw
(bootloader) partition-type:tz_b:raw
(bootloader) partition-type:imagefv_b:raw
(bootloader) partition-type:tz_a:raw
(bootloader) partition-type:splash_a:raw
(bootloader) partition-type:featenabler_a:raw
(bootloader) partition-type:vendor_boot_a:raw
(bootloader) partition-type:sde:raw
(bootloader) partition-type:frp:raw
(bootloader) partition-type:xbl_a:raw
(bootloader) partition-type:keystore:raw
(bootloader) partition-type:modem_a:raw
(bootloader) partition-type:cateloader:raw
(bootloader) partition-type:keymaster_b:raw
(bootloader) partition-type:xbl_config_a:raw
(bootloader) partition-type:boot_b:raw
(bootloader) partition-type:qupfw_a:raw
(bootloader) partition-type:hyp_a:raw
(bootloader) partition-type:engineering_cdt_a:raw
(bootloader) partition-type:logfs:raw
(bootloader) partition-type:vm-data:raw
(bootloader) partition-type:oplus_sec_b:raw
(bootloader) partition-type:cdt:raw
(bootloader) partition-type:vbmeta_a:raw
(bootloader) partition-type:dinfo:raw
(bootloader) partition-type:sdb:raw
(bootloader) partition-type:sdd:raw
(bootloader) partition-type:ALIGN_TO_128K_1:raw
(bootloader) partition-type:vbmeta_vendor_a:raw
(bootloader) partition-type:vm-system_a:raw
(bootloader) partition-type:oplusstanvbk_b:raw
(bootloader) partition-type:modemst1:raw
(bootloader) partition-type:toolsfv:raw
(bootloader) partition-type:mdm1m9kefs2:raw
(bootloader) partition-type:ddr:raw
(bootloader) partition-type:vm-keystore:raw
(bootloader) partition-type:rpm_a:raw
(bootloader) partition-type:apdp_full:raw
(bootloader) partition-type:catecontentfv:raw
(bootloader) partition-type:boot_a:raw
(bootloader) partition-type:last_parti:raw
(bootloader) partition-type:oplusreserve4:raw
(bootloader) partition-type:fsg:raw
(bootloader) partition-type:ALIGN_TO_128K_2:raw
(bootloader) partition-type:DRIVER:raw
(bootloader) partition-type:mdm1oemnvbktmp:raw
(bootloader) partition-type:vm-system_b:raw
(bootloader) partition-type:vbmeta_vendor_b:raw
(bootloader) partition-type:xbl_b:raw
(bootloader) partition-type:uefisecapp_a:raw
(bootloader) partition-type:dsp_b:raw
(bootloader) partition-type:devcfg_b:raw
(bootloader) partition-type:oplusstanvbk_a:raw
(bootloader) partition-type:mdm1m9kefs1:raw
(bootloader) partition-type:modemst2:raw
(bootloader) partition-type:core_nhlos_a:raw
(bootloader) partition-type:oplusreserve5:raw
(bootloader) partition-type:abl_b:raw
(bootloader) partition-type:oplusreserve3:raw
(bootloader) partition-type:mdm1m9kefsc:raw
(bootloader) partition-type:splash_b:raw
(bootloader) partition-type:rpm_b:raw
(bootloader) partition-type:multiimgoem_a:raw
(bootloader) partition-type:ocdt:raw
(bootloader) partition-type:mdm1m9kefs3:raw
(bootloader) partition-type:sdf:raw
(bootloader) partition-type:fsc:raw
(bootloader) partition-type:engineering_cdt_b:raw
(bootloader) partition-type:oplusdycnvbk:raw
(bootloader) partition-type:oplusreserve1:raw
(bootloader) partition-type:super:raw
(bootloader) partition-type:metadata:raw
(bootloader) partition-type:oplusreserve2:raw
(bootloader) partition-type:system_b:raw
(bootloader) partition-type:system_ext_b:raw
(bootloader) partition-type:vendor_b:raw
(bootloader) partition-type:my_product_b:raw
(bootloader) partition-type:odm_b:raw
(bootloader) partition-type:my_engineering_b:raw
(bootloader) partition-type:my_stock_b:raw
(bootloader) partition-type:my_heytap_b:raw
(bootloader) partition-type:my_carrier_b:raw
(bootloader) partition-type:my_region_b:raw
(bootloader) partition-type:my_company_b:raw
(bootloader) partition-type:my_preload_b:raw
(bootloader) partition-type:my_bigball_b:raw
(bootloader) partition-type:my_manifest_b:raw
(bootloader) partition-type:system_b-cow:raw
(bootloader) partition-type:system_ext_b-cow:raw
(bootloader) partition-type:vendor_b-cow:raw
(bootloader) partition-type:product_b-cow:raw
(bootloader) partition-type:my_product_b-cow:raw
(bootloader) partition-type:odm_b-cow:raw
(bootloader) partition-type:my_engineering_b-cow:raw
(bootloader) partition-type:my_stock_b-cow:raw
(bootloader) partition-type:my_heytap_b-cow:raw
(bootloader) partition-type:product_b:raw
(bootloader) has-slot:ssd:no
(bootloader) has-slot:splash_odm:no
(bootloader) has-slot:xbl_config:yes
(bootloader) has-slot:imagefv:yes
(bootloader) has-slot:rawdump:no
(bootloader) has-slot:bluetooth:yes
(bootloader) has-slot:apdp:no
(bootloader) has-slot:catefv:no
(bootloader) has-slot:vendor_boot:yes
(bootloader) has-slot:keymaster:yes
(bootloader) has-slot:dtbo:yes
(bootloader) has-slot:vbmeta_system:yes
(bootloader) has-slot:devinfo:no
(bootloader) has-slot:sda:no
(bootloader) has-slot:modem:yes
(bootloader) has-slot:secdata:no
(bootloader) has-slot:persist:no
(bootloader) has-slot:sdc:no
(bootloader) has-slot:uefivarstore:no
(bootloader) has-slot:abl:yes
(bootloader) has-slot:core_nhlos:yes
(bootloader) has-slot:featenabler:yes
(bootloader) has-slot:modemdump:no
(bootloader) has-slot:multiimgoem:yes
(bootloader) has-slot:dsp:yes
(bootloader) has-slot:oplus_sec:yes
(bootloader) has-slot:storsec:no
(bootloader) has-slot:misc:no
(bootloader) has-slot:devcfg:yes
(bootloader) has-slot:logdump:no
(bootloader) has-slot:userdata:no
(bootloader) has-slot:hyp:yes
(bootloader) has-slot:uefisecapp:yes
(bootloader) has-slot:vbmeta:yes
(bootloader) has-slot:qupfw:yes
(bootloader) has-slot:tz:yes
(bootloader) has-slot:splash:yes
(bootloader) has-slot:sde:no
(bootloader) has-slot:frp:no
(bootloader) has-slot:xbl:yes
(bootloader) has-slot:keystore:no
(bootloader) has-slot:cateloader:no
(bootloader) has-slot:boot:yes
(bootloader) has-slot:engineering_cdt:yes
(bootloader) has-slot:logfs:no
(bootloader) has-slot:vm-data:no
(bootloader) has-slot:cdt:no
(bootloader) has-slot:dinfo:no
(bootloader) has-slot:sdb:no
(bootloader) has-slot:sdd:no
(bootloader) has-slot:ALIGN_TO_128K_1:no
(bootloader) has-slot:vbmeta_vendor:yes
(bootloader) has-slot:vm-system:yes
(bootloader) has-slot:oplusstanvbk:yes
(bootloader) has-slot:modemst1:no
(bootloader) has-slot:toolsfv:no
(bootloader) has-slot:mdm1m9kefs2:no
(bootloader) has-slot:ddr:no
(bootloader) has-slot:vm-keystore:no
(bootloader) has-slot:rpm:yes
(bootloader) has-slot:apdp_full:no
(bootloader) has-slot:catecontentfv:no
(bootloader) has-slot:last_parti:no
(bootloader) has-slot:oplusreserve4:no
(bootloader) has-slot:fsg:no
(bootloader) has-slot:ALIGN_TO_128K_2:no
(bootloader) has-slot:DRIVER:no
(bootloader) has-slot:mdm1oemnvbktmp:no
(bootloader) has-slot:mdm1m9kefs1:no
(bootloader) has-slot:modemst2:no
(bootloader) has-slot:oplusreserve5:no
(bootloader) has-slot:oplusreserve3:no
(bootloader) has-slot:mdm1m9kefsc:no
(bootloader) has-slot:ocdt:no
(bootloader) has-slot:mdm1m9kefs3:no
(bootloader) has-slot:sdf:no
(bootloader) has-slot:fsc:no
(bootloader) has-slot:oplusdycnvbk:no
(bootloader) has-slot:oplusreserve1:no
(bootloader) has-slot:super:no
(bootloader) has-slot:metadata:no
(bootloader) has-slot:oplusreserve2:no
(bootloader) has-slot:system:yes
(bootloader) has-slot:system_ext:yes
(bootloader) has-slot:vendor:yes
(bootloader) has-slot:my_product:yes
(bootloader) has-slot:odm:yes
(bootloader) has-slot:my_engineering:yes
(bootloader) has-slot:my_stock:yes
(bootloader) has-slot:my_heytap:yes
(bootloader) has-slot:my_carrier:yes
(bootloader) has-slot:my_region:yes
(bootloader) has-slot:my_company:yes
(bootloader) has-slot:my_preload:yes
(bootloader) has-slot:my_bigball:yes
(bootloader) has-slot:my_manifest:yes
(bootloader) has-slot:system_b-cow:no
(bootloader) has-slot:system_ext_b-cow:no
(bootloader) has-slot:vendor_b-cow:no
(bootloader) has-slot:product_b-cow:no
(bootloader) has-slot:my_product_b-cow:no
(bootloader) has-slot:odm_b-cow:no
(bootloader) has-slot:my_engineering_b-cow:no
(bootloader) has-slot:my_stock_b-cow:no
(bootloader) has-slot:my_heytap_b-cow:no
(bootloader) has-slot:product:yes
(bootloader) security-patch-level:2023-12-05
(bootloader) vendor-fingerprint:qti/holi/holi:12/RKQ1.211119.001/1701962103021:user/release-keys
(bootloader) hw-revision:0
(bootloader) current-slot:b
(bootloader) serialno:d2ac1409
(bootloader) product:holi
(bootloader) version-os:12
(bootloader) first-api-level:30
(bootloader) slot-count:2
(bootloader) max-download-size:0x10000000
(bootloader) version:0.4
(bootloader) version-baseband:
(bootloader) secure:yes
(bootloader) variant:NA
(bootloader) dynamic-partition:true
(bootloader) system-fingerprint:qti/holi/holi:12/RKQ1.211119.001/1701962103021:user/release-keys
(bootloader) version-bootloader:unknown
(bootloader) unlocked:yes
all:
Finished.
